2025-08-17 03:59:46,297 - INFO - Collection status database initialized
2025-08-17 03:59:46,298 - INFO - Initializing collection targets...
2025-08-17 03:59:46,311 - INFO - Added collection target: 2025-08-17 roster giants
2025-08-17 03:59:46,327 - INFO - Added collection target: 2025-08-17 roster swallows
2025-08-17 03:59:46,343 - INFO - Added collection target: 2025-08-17 roster dragons
2025-08-17 03:59:46,357 - INFO - Added collection target: 2025-08-17 roster tigers
2025-08-17 03:59:46,373 - INFO - Added collection target: 2025-08-17 roster carp
2025-08-17 03:59:46,388 - INFO - Added collection target: 2025-08-17 roster baystars
2025-08-17 03:59:46,404 - INFO - Added collection target: 2025-08-17 roster hawks
2025-08-17 03:59:46,420 - INFO - Added collection target: 2025-08-17 roster fighters
2025-08-17 03:59:46,436 - INFO - Added collection target: 2025-08-17 roster lions
2025-08-17 03:59:46,467 - INFO - Added collection target: 2025-08-17 roster eagles
2025-08-17 03:59:46,484 - INFO - Added collection target: 2025-08-17 roster marines
2025-08-17 03:59:46,514 - INFO - Added collection target: 2025-08-17 roster buffaloes
2025-08-17 03:59:46,531 - INFO - Added collection target: 2025-08-16 roster giants
2025-08-17 03:59:46,562 - INFO - Added collection target: 2025-08-16 roster swallows
2025-08-17 03:59:46,579 - INFO - Added collection target: 2025-08-16 roster dragons
2025-08-17 03:59:46,611 - INFO - Added collection target: 2025-08-16 roster tigers
2025-08-17 03:59:46,629 - INFO - Added collection target: 2025-08-16 roster carp
2025-08-17 03:59:46,660 - INFO - Added collection target: 2025-08-16 roster baystars
2025-08-17 03:59:46,676 - INFO - Added collection target: 2025-08-16 roster hawks
2025-08-17 03:59:46,708 - INFO - Added collection target: 2025-08-16 roster fighters
2025-08-17 03:59:46,730 - INFO - Added collection target: 2025-08-16 roster lions
2025-08-17 03:59:46,746 - INFO - Added collection target: 2025-08-16 roster eagles
2025-08-17 03:59:46,763 - INFO - Added collection target: 2025-08-16 roster marines
2025-08-17 03:59:46,779 - INFO - Added collection target: 2025-08-16 roster buffaloes
2025-08-17 03:59:46,795 - INFO - Added collection target: 2025-08-15 roster giants
2025-08-17 03:59:46,827 - INFO - Added collection target: 2025-08-15 roster swallows
2025-08-17 03:59:46,860 - INFO - Added collection target: 2025-08-15 roster dragons
2025-08-17 03:59:46,891 - INFO - Added collection target: 2025-08-15 roster tigers
2025-08-17 03:59:46,905 - INFO - Added collection target: 2025-08-15 roster carp
2025-08-17 03:59:46,938 - INFO - Added collection target: 2025-08-15 roster baystars
2025-08-17 03:59:46,954 - INFO - Added collection target: 2025-08-15 roster hawks
2025-08-17 03:59:46,986 - INFO - Added collection target: 2025-08-15 roster fighters
2025-08-17 03:59:47,003 - INFO - Added collection target: 2025-08-15 roster lions
2025-08-17 03:59:47,019 - INFO - Added collection target: 2025-08-15 roster eagles
2025-08-17 03:59:47,057 - INFO - Added collection target: 2025-08-15 roster marines
2025-08-17 03:59:47,070 - INFO - Added collection target: 2025-08-15 roster buffaloes
2025-08-17 03:59:47,101 - INFO - Added collection target: 2025-08-14 roster giants
2025-08-17 03:59:47,132 - INFO - Added collection target: 2025-08-14 roster swallows
2025-08-17 03:59:47,146 - INFO - Added collection target: 2025-08-14 roster dragons
2025-08-17 03:59:47,163 - INFO - Added collection target: 2025-08-14 roster tigers
2025-08-17 03:59:47,174 - INFO - Added collection target: 2025-08-14 roster carp
2025-08-17 03:59:47,204 - INFO - Added collection target: 2025-08-14 roster baystars
2025-08-17 03:59:47,234 - INFO - Added collection target: 2025-08-14 roster hawks
2025-08-17 03:59:47,250 - INFO - Added collection target: 2025-08-14 roster fighters
2025-08-17 03:59:47,281 - INFO - Added collection target: 2025-08-14 roster lions
2025-08-17 03:59:47,295 - INFO - Added collection target: 2025-08-14 roster eagles
2025-08-17 03:59:47,314 - INFO - Added collection target: 2025-08-14 roster marines
2025-08-17 03:59:47,329 - INFO - Added collection target: 2025-08-14 roster buffaloes
2025-08-17 03:59:47,357 - INFO - Added collection target: 2025-08-13 roster giants
2025-08-17 03:59:47,372 - INFO - Added collection target: 2025-08-13 roster swallows
2025-08-17 03:59:47,404 - INFO - Added collection target: 2025-08-13 roster dragons
2025-08-17 03:59:47,419 - INFO - Added collection target: 2025-08-13 roster tigers
2025-08-17 03:59:47,454 - INFO - Added collection target: 2025-08-13 roster carp
2025-08-17 03:59:47,469 - INFO - Added collection target: 2025-08-13 roster baystars
2025-08-17 03:59:47,501 - INFO - Added collection target: 2025-08-13 roster hawks
2025-08-17 03:59:47,517 - INFO - Added collection target: 2025-08-13 roster fighters
2025-08-17 03:59:47,531 - INFO - Added collection target: 2025-08-13 roster lions
2025-08-17 03:59:47,544 - INFO - Added collection target: 2025-08-13 roster eagles
2025-08-17 03:59:47,555 - INFO - Added collection target: 2025-08-13 roster marines
2025-08-17 03:59:47,565 - INFO - Added collection target: 2025-08-13 roster buffaloes
2025-08-17 03:59:47,575 - INFO - Added collection target: 2025-08-12 roster giants
2025-08-17 03:59:47,586 - INFO - Added collection target: 2025-08-12 roster swallows
2025-08-17 03:59:47,597 - INFO - Added collection target: 2025-08-12 roster dragons
2025-08-17 03:59:47,607 - INFO - Added collection target: 2025-08-12 roster tigers
2025-08-17 03:59:47,618 - INFO - Added collection target: 2025-08-12 roster carp
2025-08-17 03:59:47,629 - INFO - Added collection target: 2025-08-12 roster baystars
2025-08-17 03:59:47,641 - INFO - Added collection target: 2025-08-12 roster hawks
2025-08-17 03:59:47,652 - INFO - Added collection target: 2025-08-12 roster fighters
2025-08-17 03:59:47,661 - INFO - Added collection target: 2025-08-12 roster lions
2025-08-17 03:59:47,671 - INFO - Added collection target: 2025-08-12 roster eagles
2025-08-17 03:59:47,684 - INFO - Added collection target: 2025-08-12 roster marines
2025-08-17 03:59:47,695 - INFO - Added collection target: 2025-08-12 roster buffaloes
2025-08-17 03:59:47,706 - INFO - Added collection target: 2025-08-11 roster giants
2025-08-17 03:59:47,716 - INFO - Added collection target: 2025-08-11 roster swallows
2025-08-17 03:59:47,730 - INFO - Added collection target: 2025-08-11 roster dragons
2025-08-17 03:59:47,749 - INFO - Added collection target: 2025-08-11 roster tigers
2025-08-17 03:59:47,762 - INFO - Added collection target: 2025-08-11 roster carp
2025-08-17 03:59:47,777 - INFO - Added collection target: 2025-08-11 roster baystars
2025-08-17 03:59:47,789 - INFO - Added collection target: 2025-08-11 roster hawks
2025-08-17 03:59:47,799 - INFO - Added collection target: 2025-08-11 roster fighters
2025-08-17 03:59:47,816 - INFO - Added collection target: 2025-08-11 roster lions
2025-08-17 03:59:47,828 - INFO - Added collection target: 2025-08-11 roster eagles
2025-08-17 03:59:47,840 - INFO - Added collection target: 2025-08-11 roster marines
2025-08-17 03:59:47,854 - INFO - Added collection target: 2025-08-11 roster buffaloes
2025-08-17 03:59:47,865 - INFO - Added collection target: 2025-08-10 roster giants
2025-08-17 03:59:47,880 - INFO - Added collection target: 2025-08-10 roster swallows
2025-08-17 03:59:47,891 - INFO - Added collection target: 2025-08-10 roster dragons
2025-08-17 03:59:47,901 - INFO - Added collection target: 2025-08-10 roster tigers
2025-08-17 03:59:47,912 - INFO - Added collection target: 2025-08-10 roster carp
2025-08-17 03:59:47,924 - INFO - Added collection target: 2025-08-10 roster baystars
2025-08-17 03:59:47,935 - INFO - Added collection target: 2025-08-10 roster hawks
2025-08-17 03:59:47,946 - INFO - Added collection target: 2025-08-10 roster fighters
2025-08-17 03:59:47,961 - INFO - Added collection target: 2025-08-10 roster lions
2025-08-17 03:59:47,979 - INFO - Added collection target: 2025-08-10 roster eagles
2025-08-17 03:59:47,996 - INFO - Added collection target: 2025-08-10 roster marines
2025-08-17 03:59:48,013 - INFO - Added collection target: 2025-08-10 roster buffaloes
2025-08-17 03:59:48,032 - INFO - Added collection target: 2025-08-09 roster giants
2025-08-17 03:59:48,045 - INFO - Added collection target: 2025-08-09 roster swallows
2025-08-17 03:59:48,058 - INFO - Added collection target: 2025-08-09 roster dragons
2025-08-17 03:59:48,079 - INFO - Added collection target: 2025-08-09 roster tigers
2025-08-17 03:59:48,096 - INFO - Added collection target: 2025-08-09 roster carp
2025-08-17 03:59:48,111 - INFO - Added collection target: 2025-08-09 roster baystars
2025-08-17 03:59:48,126 - INFO - Added collection target: 2025-08-09 roster hawks
2025-08-17 03:59:48,138 - INFO - Added collection target: 2025-08-09 roster fighters
2025-08-17 03:59:48,154 - INFO - Added collection target: 2025-08-09 roster lions
2025-08-17 03:59:48,167 - INFO - Added collection target: 2025-08-09 roster eagles
2025-08-17 03:59:48,180 - INFO - Added collection target: 2025-08-09 roster marines
2025-08-17 03:59:48,192 - INFO - Added collection target: 2025-08-09 roster buffaloes
2025-08-17 03:59:48,208 - INFO - Added collection target: 2025-08-08 roster giants
2025-08-17 03:59:48,226 - INFO - Added collection target: 2025-08-08 roster swallows
2025-08-17 03:59:48,241 - INFO - Added collection target: 2025-08-08 roster dragons
2025-08-17 03:59:48,259 - INFO - Added collection target: 2025-08-08 roster tigers
2025-08-17 03:59:48,272 - INFO - Added collection target: 2025-08-08 roster carp
2025-08-17 03:59:48,285 - INFO - Added collection target: 2025-08-08 roster baystars
2025-08-17 03:59:48,316 - INFO - Added collection target: 2025-08-08 roster hawks
2025-08-17 03:59:48,332 - INFO - Added collection target: 2025-08-08 roster fighters
2025-08-17 03:59:48,350 - INFO - Added collection target: 2025-08-08 roster lions
2025-08-17 03:59:48,366 - INFO - Added collection target: 2025-08-08 roster eagles
2025-08-17 03:59:48,384 - INFO - Added collection target: 2025-08-08 roster marines
2025-08-17 03:59:48,397 - INFO - Added collection target: 2025-08-08 roster buffaloes
2025-08-17 03:59:48,413 - INFO - Added collection target: 2025-08-07 roster giants
2025-08-17 03:59:48,428 - INFO - Added collection target: 2025-08-07 roster swallows
2025-08-17 03:59:48,440 - INFO - Added collection target: 2025-08-07 roster dragons
2025-08-17 03:59:48,453 - INFO - Added collection target: 2025-08-07 roster tigers
2025-08-17 03:59:48,464 - INFO - Added collection target: 2025-08-07 roster carp
2025-08-17 03:59:48,477 - INFO - Added collection target: 2025-08-07 roster baystars
2025-08-17 03:59:48,489 - INFO - Added collection target: 2025-08-07 roster hawks
2025-08-17 03:59:48,508 - INFO - Added collection target: 2025-08-07 roster fighters
2025-08-17 03:59:48,527 - INFO - Added collection target: 2025-08-07 roster lions
2025-08-17 03:59:48,545 - INFO - Added collection target: 2025-08-07 roster eagles
2025-08-17 03:59:48,564 - INFO - Added collection target: 2025-08-07 roster marines
2025-08-17 03:59:48,581 - INFO - Added collection target: 2025-08-07 roster buffaloes
2025-08-17 03:59:48,600 - INFO - Added collection target: 2025-08-06 roster giants
2025-08-17 03:59:48,619 - INFO - Added collection target: 2025-08-06 roster swallows
2025-08-17 03:59:48,636 - INFO - Added collection target: 2025-08-06 roster dragons
2025-08-17 03:59:48,656 - INFO - Added collection target: 2025-08-06 roster tigers
2025-08-17 03:59:48,676 - INFO - Added collection target: 2025-08-06 roster carp
2025-08-17 03:59:48,694 - INFO - Added collection target: 2025-08-06 roster baystars
2025-08-17 03:59:48,710 - INFO - Added collection target: 2025-08-06 roster hawks
2025-08-17 03:59:48,728 - INFO - Added collection target: 2025-08-06 roster fighters
2025-08-17 03:59:48,748 - INFO - Added collection target: 2025-08-06 roster lions
2025-08-17 03:59:48,778 - INFO - Added collection target: 2025-08-06 roster eagles
2025-08-17 03:59:48,796 - INFO - Added collection target: 2025-08-06 roster marines
2025-08-17 03:59:48,816 - INFO - Added collection target: 2025-08-06 roster buffaloes
2025-08-17 03:59:48,836 - INFO - Added collection target: 2025-08-05 roster giants
2025-08-17 03:59:48,853 - INFO - Added collection target: 2025-08-05 roster swallows
2025-08-17 03:59:48,873 - INFO - Added collection target: 2025-08-05 roster dragons
2025-08-17 03:59:48,889 - INFO - Added collection target: 2025-08-05 roster tigers
2025-08-17 03:59:48,907 - INFO - Added collection target: 2025-08-05 roster carp
2025-08-17 03:59:48,921 - INFO - Added collection target: 2025-08-05 roster baystars
2025-08-17 03:59:48,938 - INFO - Added collection target: 2025-08-05 roster hawks
2025-08-17 03:59:48,956 - INFO - Added collection target: 2025-08-05 roster fighters
2025-08-17 03:59:48,973 - INFO - Added collection target: 2025-08-05 roster lions
2025-08-17 03:59:48,989 - INFO - Added collection target: 2025-08-05 roster eagles
2025-08-17 03:59:49,005 - INFO - Added collection target: 2025-08-05 roster marines
2025-08-17 03:59:49,023 - INFO - Added collection target: 2025-08-05 roster buffaloes
2025-08-17 03:59:49,040 - INFO - Added collection target: 2025-08-04 roster giants
2025-08-17 03:59:49,057 - INFO - Added collection target: 2025-08-04 roster swallows
2025-08-17 03:59:49,077 - INFO - Added collection target: 2025-08-04 roster dragons
2025-08-17 03:59:49,095 - INFO - Added collection target: 2025-08-04 roster tigers
2025-08-17 03:59:49,113 - INFO - Added collection target: 2025-08-04 roster carp
2025-08-17 03:59:49,131 - INFO - Added collection target: 2025-08-04 roster baystars
2025-08-17 03:59:49,150 - INFO - Added collection target: 2025-08-04 roster hawks
2025-08-17 03:59:49,166 - INFO - Added collection target: 2025-08-04 roster fighters
2025-08-17 03:59:49,184 - INFO - Added collection target: 2025-08-04 roster lions
2025-08-17 03:59:49,201 - INFO - Added collection target: 2025-08-04 roster eagles
2025-08-17 03:59:49,218 - INFO - Added collection target: 2025-08-04 roster marines
2025-08-17 03:59:49,251 - INFO - Added collection target: 2025-08-04 roster buffaloes
2025-08-17 03:59:49,271 - INFO - Added collection target: 2025-08-03 roster giants
2025-08-17 03:59:49,303 - INFO - Added collection target: 2025-08-03 roster swallows
2025-08-17 03:59:49,319 - INFO - Added collection target: 2025-08-03 roster dragons
2025-08-17 03:59:49,354 - INFO - Added collection target: 2025-08-03 roster tigers
2025-08-17 03:59:49,371 - INFO - Added collection target: 2025-08-03 roster carp
2025-08-17 03:59:49,406 - INFO - Added collection target: 2025-08-03 roster baystars
2025-08-17 03:59:49,424 - INFO - Added collection target: 2025-08-03 roster hawks
2025-08-17 03:59:49,459 - INFO - Added collection target: 2025-08-03 roster fighters
2025-08-17 03:59:49,476 - INFO - Added collection target: 2025-08-03 roster lions
2025-08-17 03:59:49,495 - INFO - Added collection target: 2025-08-03 roster eagles
2025-08-17 03:59:49,513 - INFO - Added collection target: 2025-08-03 roster marines
2025-08-17 03:59:49,531 - INFO - Added collection target: 2025-08-03 roster buffaloes
2025-08-17 03:59:49,546 - INFO - Added collection target: 2025-08-02 roster giants
2025-08-17 03:59:49,564 - INFO - Added collection target: 2025-08-02 roster swallows
2025-08-17 03:59:49,583 - INFO - Added collection target: 2025-08-02 roster dragons
2025-08-17 03:59:49,599 - INFO - Added collection target: 2025-08-02 roster tigers
2025-08-17 03:59:49,615 - INFO - Added collection target: 2025-08-02 roster carp
2025-08-17 03:59:49,632 - INFO - Added collection target: 2025-08-02 roster baystars
2025-08-17 03:59:49,649 - INFO - Added collection target: 2025-08-02 roster hawks
2025-08-17 03:59:49,666 - INFO - Added collection target: 2025-08-02 roster fighters
2025-08-17 03:59:49,683 - INFO - Added collection target: 2025-08-02 roster lions
2025-08-17 03:59:49,701 - INFO - Added collection target: 2025-08-02 roster eagles
2025-08-17 03:59:49,718 - INFO - Added collection target: 2025-08-02 roster marines
2025-08-17 03:59:49,739 - INFO - Added collection target: 2025-08-02 roster buffaloes
2025-08-17 03:59:49,755 - INFO - Added collection target: 2025-08-01 roster giants
2025-08-17 03:59:49,773 - INFO - Added collection target: 2025-08-01 roster swallows
2025-08-17 03:59:49,791 - INFO - Added collection target: 2025-08-01 roster dragons
2025-08-17 03:59:49,811 - INFO - Added collection target: 2025-08-01 roster tigers
2025-08-17 03:59:49,830 - INFO - Added collection target: 2025-08-01 roster carp
2025-08-17 03:59:49,851 - INFO - Added collection target: 2025-08-01 roster baystars
2025-08-17 03:59:49,872 - INFO - Added collection target: 2025-08-01 roster hawks
2025-08-17 03:59:50,037 - INFO - Added collection target: 2025-08-01 roster fighters
2025-08-17 03:59:50,057 - INFO - Added collection target: 2025-08-01 roster lions
2025-08-17 03:59:50,076 - INFO - Added collection target: 2025-08-01 roster eagles
2025-08-17 03:59:50,095 - INFO - Added collection target: 2025-08-01 roster marines
2025-08-17 03:59:50,109 - INFO - Added collection target: 2025-08-01 roster buffaloes
2025-08-17 03:59:50,122 - INFO - Added collection target: 2025-07-31 roster giants
2025-08-17 03:59:50,136 - INFO - Added collection target: 2025-07-31 roster swallows
2025-08-17 03:59:50,156 - INFO - Added collection target: 2025-07-31 roster dragons
2025-08-17 03:59:50,178 - INFO - Added collection target: 2025-07-31 roster tigers
2025-08-17 03:59:50,199 - INFO - Added collection target: 2025-07-31 roster carp
2025-08-17 03:59:50,219 - INFO - Added collection target: 2025-07-31 roster baystars
2025-08-17 03:59:50,235 - INFO - Added collection target: 2025-07-31 roster hawks
2025-08-17 03:59:50,252 - INFO - Added collection target: 2025-07-31 roster fighters
2025-08-17 03:59:50,271 - INFO - Added collection target: 2025-07-31 roster lions
2025-08-17 03:59:50,288 - INFO - Added collection target: 2025-07-31 roster eagles
2025-08-17 03:59:50,307 - INFO - Added collection target: 2025-07-31 roster marines
2025-08-17 03:59:50,326 - INFO - Added collection target: 2025-07-31 roster buffaloes
2025-08-17 03:59:50,339 - INFO - Added collection target: 2025-07-30 roster giants
2025-08-17 03:59:50,351 - INFO - Added collection target: 2025-07-30 roster swallows
2025-08-17 03:59:50,364 - INFO - Added collection target: 2025-07-30 roster dragons
2025-08-17 03:59:50,379 - INFO - Added collection target: 2025-07-30 roster tigers
2025-08-17 03:59:50,393 - INFO - Added collection target: 2025-07-30 roster carp
2025-08-17 03:59:50,412 - INFO - Added collection target: 2025-07-30 roster baystars
2025-08-17 03:59:50,431 - INFO - Added collection target: 2025-07-30 roster hawks
2025-08-17 03:59:50,448 - INFO - Added collection target: 2025-07-30 roster fighters
2025-08-17 03:59:50,468 - INFO - Added collection target: 2025-07-30 roster lions
2025-08-17 03:59:50,487 - INFO - Added collection target: 2025-07-30 roster eagles
2025-08-17 03:59:50,504 - INFO - Added collection target: 2025-07-30 roster marines
2025-08-17 03:59:50,523 - INFO - Added collection target: 2025-07-30 roster buffaloes
2025-08-17 03:59:50,542 - INFO - Added collection target: 2025-07-29 roster giants
2025-08-17 03:59:50,562 - INFO - Added collection target: 2025-07-29 roster swallows
2025-08-17 03:59:50,578 - INFO - Added collection target: 2025-07-29 roster dragons
2025-08-17 03:59:50,596 - INFO - Added collection target: 2025-07-29 roster tigers
2025-08-17 03:59:50,615 - INFO - Added collection target: 2025-07-29 roster carp
2025-08-17 03:59:50,632 - INFO - Added collection target: 2025-07-29 roster baystars
2025-08-17 03:59:50,649 - INFO - Added collection target: 2025-07-29 roster hawks
2025-08-17 03:59:50,666 - INFO - Added collection target: 2025-07-29 roster fighters
2025-08-17 03:59:50,681 - INFO - Added collection target: 2025-07-29 roster lions
2025-08-17 03:59:50,695 - INFO - Added collection target: 2025-07-29 roster eagles
2025-08-17 03:59:50,711 - INFO - Added collection target: 2025-07-29 roster marines
2025-08-17 03:59:50,729 - INFO - Added collection target: 2025-07-29 roster buffaloes
2025-08-17 03:59:50,746 - INFO - Added collection target: 2025-07-28 roster giants
2025-08-17 03:59:50,766 - INFO - Added collection target: 2025-07-28 roster swallows
2025-08-17 03:59:50,786 - INFO - Added collection target: 2025-07-28 roster dragons
2025-08-17 03:59:50,804 - INFO - Added collection target: 2025-07-28 roster tigers
2025-08-17 03:59:50,821 - INFO - Added collection target: 2025-07-28 roster carp
2025-08-17 03:59:50,842 - INFO - Added collection target: 2025-07-28 roster baystars
2025-08-17 03:59:50,862 - INFO - Added collection target: 2025-07-28 roster hawks
2025-08-17 03:59:50,880 - INFO - Added collection target: 2025-07-28 roster fighters
2025-08-17 03:59:50,896 - INFO - Added collection target: 2025-07-28 roster lions
2025-08-17 03:59:50,916 - INFO - Added collection target: 2025-07-28 roster eagles
2025-08-17 03:59:50,932 - INFO - Added collection target: 2025-07-28 roster marines
2025-08-17 03:59:50,950 - INFO - Added collection target: 2025-07-28 roster buffaloes
2025-08-17 03:59:50,967 - INFO - Added collection target: 2025-07-27 roster giants
2025-08-17 03:59:50,987 - INFO - Added collection target: 2025-07-27 roster swallows
2025-08-17 03:59:51,002 - INFO - Added collection target: 2025-07-27 roster dragons
2025-08-17 03:59:51,021 - INFO - Added collection target: 2025-07-27 roster tigers
2025-08-17 03:59:51,039 - INFO - Added collection target: 2025-07-27 roster carp
2025-08-17 03:59:51,056 - INFO - Added collection target: 2025-07-27 roster baystars
2025-08-17 03:59:51,075 - INFO - Added collection target: 2025-07-27 roster hawks
2025-08-17 03:59:51,095 - INFO - Added collection target: 2025-07-27 roster fighters
2025-08-17 03:59:51,114 - INFO - Added collection target: 2025-07-27 roster lions
2025-08-17 03:59:51,132 - INFO - Added collection target: 2025-07-27 roster eagles
2025-08-17 03:59:51,150 - INFO - Added collection target: 2025-07-27 roster marines
2025-08-17 03:59:51,166 - INFO - Added collection target: 2025-07-27 roster buffaloes
2025-08-17 03:59:51,182 - INFO - Added collection target: 2025-07-26 roster giants
2025-08-17 03:59:51,202 - INFO - Added collection target: 2025-07-26 roster swallows
2025-08-17 03:59:51,218 - INFO - Added collection target: 2025-07-26 roster dragons
2025-08-17 03:59:51,234 - INFO - Added collection target: 2025-07-26 roster tigers
2025-08-17 03:59:51,249 - INFO - Added collection target: 2025-07-26 roster carp
2025-08-17 03:59:51,263 - INFO - Added collection target: 2025-07-26 roster baystars
2025-08-17 03:59:51,278 - INFO - Added collection target: 2025-07-26 roster hawks
2025-08-17 03:59:51,296 - INFO - Added collection target: 2025-07-26 roster fighters
2025-08-17 03:59:51,316 - INFO - Added collection target: 2025-07-26 roster lions
2025-08-17 03:59:51,332 - INFO - Added collection target: 2025-07-26 roster eagles
2025-08-17 03:59:51,351 - INFO - Added collection target: 2025-07-26 roster marines
2025-08-17 03:59:51,369 - INFO - Added collection target: 2025-07-26 roster buffaloes
2025-08-17 03:59:51,389 - INFO - Added collection target: 2025-07-25 roster giants
2025-08-17 03:59:51,409 - INFO - Added collection target: 2025-07-25 roster swallows
2025-08-17 03:59:51,424 - INFO - Added collection target: 2025-07-25 roster dragons
2025-08-17 03:59:51,436 - INFO - Added collection target: 2025-07-25 roster tigers
2025-08-17 03:59:51,451 - INFO - Added collection target: 2025-07-25 roster carp
2025-08-17 03:59:51,468 - INFO - Added collection target: 2025-07-25 roster baystars
2025-08-17 03:59:51,485 - INFO - Added collection target: 2025-07-25 roster hawks
2025-08-17 03:59:51,504 - INFO - Added collection target: 2025-07-25 roster fighters
2025-08-17 03:59:51,521 - INFO - Added collection target: 2025-07-25 roster lions
2025-08-17 03:59:51,538 - INFO - Added collection target: 2025-07-25 roster eagles
2025-08-17 03:59:51,553 - INFO - Added collection target: 2025-07-25 roster marines
2025-08-17 03:59:51,568 - INFO - Added collection target: 2025-07-25 roster buffaloes
2025-08-17 03:59:51,587 - INFO - Added collection target: 2025-07-24 roster giants
2025-08-17 03:59:51,603 - INFO - Added collection target: 2025-07-24 roster swallows
2025-08-17 03:59:51,621 - INFO - Added collection target: 2025-07-24 roster dragons
2025-08-17 03:59:51,639 - INFO - Added collection target: 2025-07-24 roster tigers
2025-08-17 03:59:51,675 - INFO - Added collection target: 2025-07-24 roster carp
2025-08-17 03:59:51,695 - INFO - Added collection target: 2025-07-24 roster baystars
2025-08-17 03:59:51,714 - INFO - Added collection target: 2025-07-24 roster hawks
2025-08-17 03:59:51,732 - INFO - Added collection target: 2025-07-24 roster fighters
2025-08-17 03:59:51,750 - INFO - Added collection target: 2025-07-24 roster lions
2025-08-17 03:59:51,782 - INFO - Added collection target: 2025-07-24 roster eagles
2025-08-17 03:59:51,808 - INFO - Added collection target: 2025-07-24 roster marines
2025-08-17 03:59:51,826 - INFO - Added collection target: 2025-07-24 roster buffaloes
2025-08-17 03:59:51,869 - INFO - Added collection target: 2025-07-23 roster giants
2025-08-17 03:59:51,886 - INFO - Added collection target: 2025-07-23 roster swallows
2025-08-17 03:59:51,903 - INFO - Added collection target: 2025-07-23 roster dragons
2025-08-17 03:59:51,921 - INFO - Added collection target: 2025-07-23 roster tigers
2025-08-17 03:59:51,940 - INFO - Added collection target: 2025-07-23 roster carp
2025-08-17 03:59:51,958 - INFO - Added collection target: 2025-07-23 roster baystars
2025-08-17 03:59:51,974 - INFO - Added collection target: 2025-07-23 roster hawks
2025-08-17 03:59:51,990 - INFO - Added collection target: 2025-07-23 roster fighters
2025-08-17 03:59:52,008 - INFO - Added collection target: 2025-07-23 roster lions
2025-08-17 03:59:52,025 - INFO - Added collection target: 2025-07-23 roster eagles
2025-08-17 03:59:52,042 - INFO - Added collection target: 2025-07-23 roster marines
2025-08-17 03:59:52,059 - INFO - Added collection target: 2025-07-23 roster buffaloes
2025-08-17 03:59:52,076 - INFO - Added collection target: 2025-07-22 roster giants
2025-08-17 03:59:52,094 - INFO - Added collection target: 2025-07-22 roster swallows
2025-08-17 03:59:52,132 - INFO - Added collection target: 2025-07-22 roster dragons
2025-08-17 03:59:52,151 - INFO - Added collection target: 2025-07-22 roster tigers
2025-08-17 03:59:52,175 - INFO - Added collection target: 2025-07-22 roster carp
2025-08-17 03:59:52,194 - INFO - Added collection target: 2025-07-22 roster baystars
2025-08-17 03:59:52,211 - INFO - Added collection target: 2025-07-22 roster hawks
2025-08-17 03:59:52,230 - INFO - Added collection target: 2025-07-22 roster fighters
2025-08-17 03:59:52,249 - INFO - Added collection target: 2025-07-22 roster lions
2025-08-17 03:59:52,268 - INFO - Added collection target: 2025-07-22 roster eagles
2025-08-17 03:59:52,284 - INFO - Added collection target: 2025-07-22 roster marines
2025-08-17 03:59:52,299 - INFO - Added collection target: 2025-07-22 roster buffaloes
2025-08-17 03:59:52,314 - INFO - Added collection target: 2025-07-21 roster giants
2025-08-17 03:59:52,331 - INFO - Added collection target: 2025-07-21 roster swallows
2025-08-17 03:59:52,347 - INFO - Added collection target: 2025-07-21 roster dragons
2025-08-17 03:59:52,366 - INFO - Added collection target: 2025-07-21 roster tigers
2025-08-17 03:59:52,383 - INFO - Added collection target: 2025-07-21 roster carp
2025-08-17 03:59:52,400 - INFO - Added collection target: 2025-07-21 roster baystars
2025-08-17 03:59:52,419 - INFO - Added collection target: 2025-07-21 roster hawks
2025-08-17 03:59:52,434 - INFO - Added collection target: 2025-07-21 roster fighters
2025-08-17 03:59:52,451 - INFO - Added collection target: 2025-07-21 roster lions
2025-08-17 03:59:52,463 - INFO - Added collection target: 2025-07-21 roster eagles
2025-08-17 03:59:52,474 - INFO - Added collection target: 2025-07-21 roster marines
2025-08-17 03:59:52,486 - INFO - Added collection target: 2025-07-21 roster buffaloes
2025-08-17 03:59:52,499 - INFO - Added collection target: 2025-07-20 roster giants
2025-08-17 03:59:52,511 - INFO - Added collection target: 2025-07-20 roster swallows
2025-08-17 03:59:52,523 - INFO - Added collection target: 2025-07-20 roster dragons
2025-08-17 03:59:52,536 - INFO - Added collection target: 2025-07-20 roster tigers
2025-08-17 03:59:52,551 - INFO - Added collection target: 2025-07-20 roster carp
2025-08-17 03:59:52,564 - INFO - Added collection target: 2025-07-20 roster baystars
2025-08-17 03:59:52,577 - INFO - Added collection target: 2025-07-20 roster hawks
2025-08-17 03:59:52,593 - INFO - Added collection target: 2025-07-20 roster fighters
2025-08-17 03:59:52,609 - INFO - Added collection target: 2025-07-20 roster lions
2025-08-17 03:59:52,620 - INFO - Added collection target: 2025-07-20 roster eagles
2025-08-17 03:59:52,633 - INFO - Added collection target: 2025-07-20 roster marines
2025-08-17 03:59:52,647 - INFO - Added collection target: 2025-07-20 roster buffaloes
2025-08-17 03:59:52,659 - INFO - Added collection target: 2025-07-19 roster giants
2025-08-17 03:59:52,669 - INFO - Added collection target: 2025-07-19 roster swallows
2025-08-17 03:59:52,681 - INFO - Added collection target: 2025-07-19 roster dragons
2025-08-17 03:59:52,694 - INFO - Added collection target: 2025-07-19 roster tigers
2025-08-17 03:59:52,709 - INFO - Added collection target: 2025-07-19 roster carp
2025-08-17 03:59:52,726 - INFO - Added collection target: 2025-07-19 roster baystars
2025-08-17 03:59:52,743 - INFO - Added collection target: 2025-07-19 roster hawks
2025-08-17 03:59:52,760 - INFO - Added collection target: 2025-07-19 roster fighters
2025-08-17 03:59:52,778 - INFO - Added collection target: 2025-07-19 roster lions
2025-08-17 03:59:52,795 - INFO - Added collection target: 2025-07-19 roster eagles
2025-08-17 03:59:52,814 - INFO - Added collection target: 2025-07-19 roster marines
2025-08-17 03:59:52,832 - INFO - Added collection target: 2025-07-19 roster buffaloes
2025-08-17 03:59:52,852 - INFO - Added collection target: 2025-07-18 roster giants
2025-08-17 03:59:52,867 - INFO - Added collection target: 2025-07-18 roster swallows
2025-08-17 03:59:52,892 - INFO - Added collection target: 2025-07-18 roster dragons
2025-08-17 03:59:52,910 - INFO - Added collection target: 2025-07-18 roster tigers
2025-08-17 03:59:52,924 - INFO - Added collection target: 2025-07-18 roster carp
2025-08-17 03:59:52,937 - INFO - Added collection target: 2025-07-18 roster baystars
2025-08-17 03:59:52,951 - INFO - Added collection target: 2025-07-18 roster hawks
2025-08-17 03:59:52,966 - INFO - Added collection target: 2025-07-18 roster fighters
2025-08-17 03:59:52,983 - INFO - Added collection target: 2025-07-18 roster lions
2025-08-17 03:59:52,998 - INFO - Added collection target: 2025-07-18 roster eagles
2025-08-17 03:59:53,015 - INFO - Added collection target: 2025-07-18 roster marines
2025-08-17 03:59:53,032 - INFO - Added collection target: 2025-07-18 roster buffaloes
2025-08-17 03:59:53,049 - INFO - Added collection target: 2025-08-17 stats central
2025-08-17 03:59:53,065 - INFO - Added collection target: 2025-08-17 stats pacific
2025-08-17 03:59:53,087 - INFO - Added collection target: 2025-08-10 stats central
2025-08-17 03:59:53,103 - INFO - Added collection target: 2025-08-10 stats pacific
2025-08-17 03:59:53,120 - INFO - Added collection target: 2025-08-03 stats central
2025-08-17 03:59:53,138 - INFO - Added collection target: 2025-08-03 stats pacific
2025-08-17 03:59:53,157 - INFO - Added collection target: 2025-07-27 stats central
2025-08-17 03:59:53,175 - INFO - Added collection target: 2025-07-27 stats pacific
2025-08-17 03:59:53,192 - INFO - Added collection target: 2025-07-20 stats central
2025-08-17 03:59:53,210 - INFO - Added collection target: 2025-07-20 stats pacific
2025-08-17 03:59:53,210 - INFO - Collection targets initialized
