2025-08-17 16:54:03,913 - __main__ - INFO - Initializing database...
2025-08-17 16:54:04,030 - __main__ - INFO - Database initialized successfully
2025-08-17 16:54:04,031 - __main__ - INFO - KBO Collector initialized
2025-08-17 16:54:04,031 - __main__ - INFO - MyKBO Collector initialized
2025-08-17 16:54:04,031 - __main__ - INFO - Collecting standings for 2024
2025-08-17 16:54:06,464 - __main__ - WARNING - Request failed (attempt 1), retrying in 1s: 404 Client Error: Not Found for url: https://mykbo.net/en/standings/2024
2025-08-17 16:54:08,101 - __main__ - WARNING - Request failed (attempt 2), retrying in 2s: 404 Client Error: Not Found for url: https://mykbo.net/en/standings/2024
2025-08-17 16:54:10,122 - __main__ - WARNING - Request failed (attempt 3), retrying in 4s: 404 Client Error: Not Found for url: https://mykbo.net/en/standings/2024
2025-08-17 16:54:14,140 - __main__ - ERROR - Request failed after 4 attempts: https://mykbo.net/en/standings/2024 - 404 Client Error: Not Found for url: https://mykbo.net/en/standings/2024
2025-08-17 16:54:50,060 - __main__ - INFO - Initializing database...
2025-08-17 16:54:50,092 - __main__ - INFO - Database initialized successfully
2025-08-17 16:54:50,093 - __main__ - INFO - KBO Collector initialized
2025-08-17 16:54:50,093 - __main__ - INFO - MyKBO Collector initialized
2025-08-17 16:54:50,093 - __main__ - INFO - Collecting standings for 2024
2025-08-17 16:54:50,093 - __main__ - INFO - Using demo data for standings (actual site URL not accessible)
2025-08-17 16:54:50,093 - __main__ - INFO - Saving 10 standings records
2025-08-17 16:54:50,115 - __main__ - INFO - Standings collected successfully: 10 teams
2025-08-17 16:54:50,116 - __main__ - INFO - Collecting player stats for 2024
2025-08-17 16:54:50,167 - __main__ - INFO - Player stats collected: 80 records
2025-08-17 16:58:05,681 - kbo_collector - INFO - Initializing database...
2025-08-17 16:58:05,709 - kbo_collector - INFO - Database initialized successfully
2025-08-17 16:58:05,710 - kbo_collector - INFO - KBO Collector initialized
2025-08-17 16:58:05,711 - __main__ - INFO - KBO Official Collector initialized
2025-08-17 16:58:05,711 - __main__ - INFO - Collecting official standings for 2024
2025-08-17 16:58:05,712 - __main__ - INFO - Using demo data for KBO official standings
2025-08-17 16:58:05,714 - __main__ - INFO - Saving 10 official standings records
2025-08-17 16:58:05,779 - __main__ - INFO - Official standings collected: 10 teams
2025-08-17 16:58:05,780 - __main__ - INFO - Collecting detailed player stats for 2024
2025-08-17 16:58:05,786 - __main__ - INFO - Processing Korean name mappings
2025-08-17 16:58:05,915 - __main__ - INFO - Detailed stats collected: 80 records
2025-08-17 16:58:24,112 - kbo_collector - INFO - Initializing database...
2025-08-17 16:58:24,128 - kbo_collector - INFO - Database initialized successfully
2025-08-17 16:58:24,129 - kbo_collector - INFO - KBO Collector initialized
2025-08-17 16:58:24,129 - __main__ - INFO - KBO Official Collector initialized
2025-08-17 16:58:24,129 - __main__ - INFO - Collecting official standings for 2024
2025-08-17 16:58:24,129 - __main__ - INFO - Using demo data for KBO official standings
2025-08-17 16:58:24,130 - __main__ - INFO - Saving 10 official standings records
2025-08-17 16:58:24,168 - __main__ - INFO - Official standings collected: 10 teams
2025-08-17 16:58:24,169 - __main__ - INFO - Collecting detailed player stats for 2024
2025-08-17 16:58:24,173 - __main__ - INFO - Processing Korean name mappings
2025-08-17 16:58:24,250 - __main__ - INFO - Detailed stats collected: 80 records
2025-08-17 17:05:55,413 - kbo_collector - INFO - Initializing database...
2025-08-17 17:05:55,427 - kbo_collector - INFO - Database initialized successfully
2025-08-17 17:05:55,428 - kbo_collector - INFO - KBO Collector initialized
2025-08-17 17:05:55,428 - __main__ - INFO - Risk Manager initialized
2025-08-17 17:05:55,428 - __main__ - INFO - STATIZ Advanced Collector initialized
2025-08-17 17:05:55,428 - __main__ - INFO - Collecting advanced offensive metrics for 2024
2025-08-17 17:05:55,428 - __main__ - INFO - Using demo data for STATIZ advanced offensive metrics
2025-08-17 17:05:55,496 - __main__ - INFO - Advanced offensive metrics collected: 30 records
2025-08-17 17:05:55,496 - __main__ - INFO - Collecting advanced pitching metrics for 2024
2025-08-17 17:05:55,552 - __main__ - INFO - Advanced pitching metrics collected: 20 records
2025-08-17 17:05:55,553 - __main__ - INFO - Collecting defensive metrics for 2024
2025-08-17 17:05:55,619 - __main__ - INFO - Defensive metrics collected: 25 records
2025-08-17 17:08:34,329 - kbo_collector - INFO - Initializing database...
2025-08-17 17:08:34,344 - kbo_collector - INFO - Database initialized successfully
2025-08-17 17:08:34,344 - kbo_collector - INFO - KBO Collector initialized
2025-08-17 17:08:34,344 - kbo_collector - INFO - Initializing database...
2025-08-17 17:08:34,358 - kbo_collector - INFO - Database initialized successfully
2025-08-17 17:08:34,358 - kbo_collector - INFO - KBO Collector initialized
2025-08-17 17:08:34,358 - kbo_collector_phase2 - INFO - KBO Official Collector initialized
2025-08-17 17:08:34,358 - kbo_collector - INFO - Initializing database...
2025-08-17 17:08:34,371 - kbo_collector - INFO - Database initialized successfully
2025-08-17 17:08:34,371 - kbo_collector - INFO - KBO Collector initialized
2025-08-17 17:08:34,372 - kbo_collector_phase3 - INFO - Risk Manager initialized
2025-08-17 17:08:34,372 - kbo_collector_phase3 - INFO - STATIZ Advanced Collector initialized
2025-08-17 17:08:34,372 - __main__ - INFO - KBO Unified System initialized
2025-08-17 17:08:34,372 - __main__ - INFO - Starting full collection cycle for 2024
2025-08-17 17:08:34,372 - __main__ - INFO - Executing Phase 1: MyKBO Basic Data
2025-08-17 17:08:55,980 - kbo_collector - INFO - Initializing database...
2025-08-17 17:08:55,999 - kbo_collector - INFO - Database initialized successfully
2025-08-17 17:08:56,000 - kbo_collector - INFO - KBO Collector initialized
2025-08-17 17:08:56,000 - kbo_collector - INFO - MyKBO Collector initialized
2025-08-17 17:08:56,001 - kbo_collector - INFO - Initializing database...
2025-08-17 17:08:56,023 - kbo_collector - INFO - Database initialized successfully
2025-08-17 17:08:56,025 - kbo_collector - INFO - KBO Collector initialized
2025-08-17 17:08:56,026 - kbo_collector_phase2 - INFO - KBO Official Collector initialized
2025-08-17 17:08:56,026 - kbo_collector - INFO - Initializing database...
2025-08-17 17:08:56,046 - kbo_collector - INFO - Database initialized successfully
2025-08-17 17:08:56,046 - kbo_collector - INFO - KBO Collector initialized
2025-08-17 17:08:56,046 - kbo_collector_phase3 - INFO - Risk Manager initialized
2025-08-17 17:08:56,046 - kbo_collector_phase3 - INFO - STATIZ Advanced Collector initialized
2025-08-17 17:08:56,046 - __main__ - INFO - KBO Unified System initialized
2025-08-17 17:08:56,046 - __main__ - INFO - Starting full collection cycle for 2024
2025-08-17 17:08:56,047 - __main__ - INFO - Executing Phase 1: MyKBO Basic Data
2025-08-17 17:08:56,047 - kbo_collector - INFO - Collecting standings for 2024
2025-08-17 17:08:56,047 - kbo_collector - INFO - Using demo data for standings (actual site URL not accessible)
2025-08-17 17:08:56,047 - kbo_collector - INFO - Saving 10 standings records
2025-08-17 17:08:56,058 - kbo_collector - INFO - Standings collected successfully: 10 teams
2025-08-17 17:08:56,059 - kbo_collector - INFO - Collecting player stats for 2024
2025-08-17 17:08:56,107 - kbo_collector - INFO - Player stats collected: 80 records
2025-08-17 17:08:56,108 - __main__ - INFO - Executing Phase 2: KBO Official Data
2025-08-17 17:08:56,108 - kbo_collector_phase2 - INFO - Collecting official standings for 2024
2025-08-17 17:08:56,108 - kbo_collector_phase2 - INFO - Using demo data for KBO official standings
2025-08-17 17:08:56,108 - kbo_collector_phase2 - INFO - Saving 10 official standings records
2025-08-17 17:08:56,135 - kbo_collector_phase2 - INFO - Official standings collected: 10 teams
2025-08-17 17:08:56,137 - kbo_collector_phase2 - INFO - Collecting detailed player stats for 2024
2025-08-17 17:08:56,139 - kbo_collector_phase2 - INFO - Processing Korean name mappings
2025-08-17 17:08:56,181 - kbo_collector_phase2 - INFO - Detailed stats collected: 80 records
2025-08-17 17:08:56,182 - __main__ - INFO - Executing Phase 3: STATIZ Advanced Metrics
2025-08-17 17:08:56,182 - kbo_collector_phase3 - INFO - Collecting advanced offensive metrics for 2024
2025-08-17 17:08:56,182 - kbo_collector_phase3 - INFO - Using demo data for STATIZ advanced offensive metrics
2025-08-17 17:08:56,214 - kbo_collector_phase3 - INFO - Advanced offensive metrics collected: 30 records
2025-08-17 17:08:56,215 - kbo_collector_phase3 - INFO - Collecting advanced pitching metrics for 2024
2025-08-17 17:08:56,242 - kbo_collector_phase3 - INFO - Advanced pitching metrics collected: 20 records
2025-08-17 17:08:56,243 - kbo_collector_phase3 - INFO - Collecting defensive metrics for 2024
2025-08-17 17:08:56,268 - kbo_collector_phase3 - INFO - Defensive metrics collected: 25 records
2025-08-17 17:08:56,271 - __main__ - INFO - Optimizing database performance
2025-08-17 17:08:56,416 - __main__ - INFO - Preparing international comparison data for 2024
2025-08-17 17:08:56,436 - __main__ - ERROR - International comparison preparation failed: parameters are not allowed in views
2025-08-17 17:08:56,436 - __main__ - INFO - Full collection cycle completed in 0.4 seconds
2025-08-17 17:08:56,436 - __main__ - INFO - Generating comprehensive system report
2025-08-17 17:10:48,686 - kbo_collector - INFO - Initializing database...
2025-08-17 17:10:48,705 - kbo_collector - INFO - Database initialized successfully
2025-08-17 17:10:48,705 - kbo_collector - INFO - KBO Collector initialized
2025-08-17 17:10:48,705 - kbo_collector - INFO - MyKBO Collector initialized
2025-08-17 17:10:48,705 - kbo_collector - INFO - Collecting standings for 2024
2025-08-17 17:10:48,705 - kbo_collector - INFO - Using demo data for standings (actual site URL not accessible)
2025-08-17 17:10:48,706 - kbo_collector - INFO - Saving 10 standings records
2025-08-17 17:10:48,719 - kbo_collector - INFO - Standings collected successfully: 10 teams
2025-08-17 17:10:48,719 - kbo_collector - INFO - Collecting player stats for 2024
2025-08-17 17:10:48,782 - kbo_collector - INFO - Player stats collected: 80 records
2025-08-17 17:11:01,978 - kbo_collector - INFO - Initializing database...
2025-08-17 17:11:02,000 - kbo_collector - INFO - Database initialized successfully
2025-08-17 17:11:02,001 - kbo_collector - INFO - KBO Collector initialized
2025-08-17 17:11:02,001 - kbo_collector_phase2 - INFO - KBO Official Collector initialized
2025-08-17 17:11:02,001 - kbo_collector_phase2 - INFO - Collecting official standings for 2024
2025-08-17 17:11:02,001 - kbo_collector_phase2 - INFO - Using demo data for KBO official standings
2025-08-17 17:11:02,001 - kbo_collector_phase2 - INFO - Saving 10 official standings records
2025-08-17 17:11:02,037 - kbo_collector_phase2 - INFO - Official standings collected: 10 teams
2025-08-17 17:11:02,037 - kbo_collector_phase2 - INFO - Collecting detailed player stats for 2024
2025-08-17 17:11:02,042 - kbo_collector_phase2 - INFO - Processing Korean name mappings
2025-08-17 17:11:02,111 - kbo_collector_phase2 - INFO - Detailed stats collected: 80 records
2025-08-17 17:11:15,143 - kbo_collector - INFO - Initializing database...
2025-08-17 17:11:15,160 - kbo_collector - INFO - Database initialized successfully
2025-08-17 17:11:15,160 - kbo_collector - INFO - KBO Collector initialized
2025-08-17 17:11:15,160 - kbo_collector_phase3 - INFO - Risk Manager initialized
2025-08-17 17:11:15,160 - kbo_collector_phase3 - INFO - STATIZ Advanced Collector initialized
2025-08-17 17:11:15,160 - kbo_collector_phase3 - INFO - Collecting advanced offensive metrics for 2024
2025-08-17 17:11:15,161 - kbo_collector_phase3 - INFO - Using demo data for STATIZ advanced offensive metrics
2025-08-17 17:11:15,213 - kbo_collector_phase3 - INFO - Advanced offensive metrics collected: 30 records
2025-08-17 17:11:15,214 - kbo_collector_phase3 - INFO - Collecting advanced pitching metrics for 2024
2025-08-17 17:11:15,277 - kbo_collector_phase3 - INFO - Advanced pitching metrics collected: 20 records
2025-08-17 17:11:15,278 - kbo_collector_phase3 - INFO - Collecting defensive metrics for 2024
2025-08-17 17:11:15,338 - kbo_collector_phase3 - INFO - Defensive metrics collected: 25 records
2025-08-17 17:11:29,178 - kbo_collector - INFO - Initializing database...
2025-08-17 17:11:29,204 - kbo_collector - INFO - Database initialized successfully
2025-08-17 17:11:29,205 - kbo_collector - INFO - KBO Collector initialized
2025-08-17 17:11:29,205 - kbo_collector - INFO - MyKBO Collector initialized
2025-08-17 17:11:29,205 - kbo_collector - INFO - Initializing database...
2025-08-17 17:11:29,218 - kbo_collector - INFO - Database initialized successfully
2025-08-17 17:11:29,219 - kbo_collector - INFO - KBO Collector initialized
2025-08-17 17:11:29,219 - kbo_collector_phase2 - INFO - KBO Official Collector initialized
2025-08-17 17:11:29,219 - kbo_collector - INFO - Initializing database...
2025-08-17 17:11:29,234 - kbo_collector - INFO - Database initialized successfully
2025-08-17 17:11:29,234 - kbo_collector - INFO - KBO Collector initialized
2025-08-17 17:11:29,234 - kbo_collector_phase3 - INFO - Risk Manager initialized
2025-08-17 17:11:29,235 - kbo_collector_phase3 - INFO - STATIZ Advanced Collector initialized
2025-08-17 17:11:29,235 - kbo_collector_phase4 - INFO - KBO Unified System initialized
2025-08-17 17:11:29,235 - kbo_collector_phase4 - INFO - Starting full collection cycle for 2024
2025-08-17 17:11:29,235 - kbo_collector_phase4 - INFO - Executing Phase 1: MyKBO Basic Data
2025-08-17 17:11:29,235 - kbo_collector - INFO - Collecting standings for 2024
2025-08-17 17:11:29,236 - kbo_collector - INFO - Using demo data for standings (actual site URL not accessible)
2025-08-17 17:11:29,236 - kbo_collector - INFO - Saving 10 standings records
2025-08-17 17:11:29,248 - kbo_collector - INFO - Standings collected successfully: 10 teams
2025-08-17 17:11:29,249 - kbo_collector - INFO - Collecting player stats for 2024
2025-08-17 17:11:29,290 - kbo_collector - INFO - Player stats collected: 80 records
2025-08-17 17:11:29,290 - kbo_collector_phase4 - INFO - Executing Phase 2: KBO Official Data
2025-08-17 17:11:29,290 - kbo_collector_phase2 - INFO - Collecting official standings for 2024
2025-08-17 17:11:29,290 - kbo_collector_phase2 - INFO - Using demo data for KBO official standings
2025-08-17 17:11:29,290 - kbo_collector_phase2 - INFO - Saving 10 official standings records
2025-08-17 17:11:29,324 - kbo_collector_phase2 - INFO - Official standings collected: 10 teams
2025-08-17 17:11:29,324 - kbo_collector_phase2 - INFO - Collecting detailed player stats for 2024
2025-08-17 17:11:29,326 - kbo_collector_phase2 - INFO - Processing Korean name mappings
2025-08-17 17:11:29,369 - kbo_collector_phase2 - INFO - Detailed stats collected: 80 records
2025-08-17 17:11:29,370 - kbo_collector_phase4 - INFO - Executing Phase 3: STATIZ Advanced Metrics
2025-08-17 17:11:29,370 - kbo_collector_phase3 - INFO - Collecting advanced offensive metrics for 2024
2025-08-17 17:11:29,370 - kbo_collector_phase3 - INFO - Using demo data for STATIZ advanced offensive metrics
2025-08-17 17:11:29,406 - kbo_collector_phase3 - INFO - Advanced offensive metrics collected: 30 records
2025-08-17 17:11:29,406 - kbo_collector_phase3 - INFO - Collecting advanced pitching metrics for 2024
2025-08-17 17:11:29,453 - kbo_collector_phase3 - INFO - Advanced pitching metrics collected: 20 records
2025-08-17 17:11:29,453 - kbo_collector_phase3 - INFO - Collecting defensive metrics for 2024
2025-08-17 17:11:29,489 - kbo_collector_phase3 - INFO - Defensive metrics collected: 25 records
2025-08-17 17:11:29,493 - kbo_collector_phase4 - INFO - Optimizing database performance
2025-08-17 17:11:29,518 - kbo_collector_phase4 - INFO - Preparing international comparison data for 2024
2025-08-17 17:11:29,530 - kbo_collector_phase4 - ERROR - International comparison preparation failed: parameters are not allowed in views
2025-08-17 17:11:29,530 - kbo_collector_phase4 - INFO - Full collection cycle completed in 0.3 seconds
2025-08-17 18:05:19,801 - __main__ - INFO - KBO Complete Coverage System initialized
2025-08-17 18:05:19,802 - __main__ - INFO - Starting complete KBO data collection for 2024
2025-08-17 18:05:19,802 - __main__ - INFO - Collecting complete roster data for 2024
2025-08-17 18:05:19,880 - __main__ - INFO - Complete roster collected: 280 players
2025-08-17 18:05:19,880 - __main__ - INFO - Collecting complete season statistics for 2024
2025-08-17 18:05:19,964 - __main__ - INFO - Complete season stats collected: 280 records
2025-08-17 18:05:19,964 - __main__ - INFO - Collecting game-by-game records for 2024
2025-08-17 18:05:20,015 - __main__ - INFO - Game-by-game records collected: 720 records
2025-08-17 18:05:34,232 - __main__ - INFO - KBO Complete Coverage System initialized
2025-08-17 18:05:34,232 - __main__ - INFO - Starting complete KBO data collection for 2024
2025-08-17 18:05:34,232 - __main__ - INFO - Collecting complete roster data for 2024
2025-08-17 18:05:34,254 - __main__ - INFO - Complete roster collected: 280 players
2025-08-17 18:05:34,255 - __main__ - INFO - Collecting complete season statistics for 2024
2025-08-17 18:05:34,295 - __main__ - INFO - Complete season stats collected: 280 records
2025-08-17 18:05:34,295 - __main__ - INFO - Collecting game-by-game records for 2024
2025-08-17 18:05:34,329 - __main__ - INFO - Game-by-game records collected: 720 records
2025-08-18 11:09:35,562 - __main__ - INFO - KBO Complete Coverage System initialized
2025-08-18 11:09:35,563 - __main__ - INFO - Starting complete KBO data collection for 2024
2025-08-18 11:09:35,563 - __main__ - INFO - Collecting complete roster data for 2024
2025-08-18 11:09:35,578 - __main__ - INFO - Complete roster collected: 280 players
2025-08-18 11:09:35,578 - __main__ - INFO - Collecting complete season statistics for 2024
2025-08-18 11:09:35,615 - __main__ - INFO - Complete season stats collected: 280 records
2025-08-18 11:09:35,615 - __main__ - INFO - Collecting game-by-game records for 2024
2025-08-18 11:09:35,647 - __main__ - INFO - Game-by-game records collected: 720 records
2025-08-19 04:45:34,850 - __main__ - INFO - Initializing database...
2025-08-19 04:45:34,865 - __main__ - INFO - Database initialized successfully
2025-08-19 04:45:34,866 - __main__ - INFO - KBO Collector initialized
2025-08-19 04:45:34,866 - __main__ - INFO - MyKBO Collector initialized
2025-08-19 04:45:34,866 - __main__ - INFO - Collecting standings for 2024
2025-08-19 04:45:34,866 - __main__ - INFO - Using demo data for standings (actual site URL not accessible)
2025-08-19 04:45:34,866 - __main__ - INFO - Saving 10 standings records
2025-08-19 04:45:34,882 - __main__ - INFO - Standings collected successfully: 10 teams
2025-08-19 04:45:34,882 - __main__ - INFO - Collecting player stats for 2024
2025-08-19 04:45:34,925 - __main__ - INFO - Player stats collected: 80 records
