NPB Current Players Data Collection
==================================================
Step 1: Collecting current player rosters...
Collecting roster from: ǔWCAc (g)
  Found 108 current players
Collecting roster from: _^CK[X (t)
  Found 82 current players
Collecting roster from: LmJ[v (c)
  Found 79 current players
Collecting roster from: lDeNAxCX^[Y (db)
  Found 86 current players
Collecting roster from: hSY (d)
  Found 83 current players
Collecting roster from: NgX[Y (s)
  Found 79 current players
Collecting roster from: \tgoNz[NX (h)
  Found 121 current players
Collecting roster from: kC{nt@C^[Y (f)
  Found 83 current players
Collecting roster from: tbe}[Y (m)
  Found 87 current players
Collecting roster from: ʐCIY (l)
  Found 95 current players
Collecting roster from: IbNXEot@[Y (b)
  Found 90 current players
Collecting roster from: kyVS[fC[OX (e)
  Found 79 current players

Total current players found: 1072

Step 2: Collecting detailed player data...

Processing 1/1072: c@ (g)
  SUCCESS: c@ (ID: 100611198811013)

Processing 2/1072: 吨 (g)
  SUCCESS: 吨ic@吨j (ID: 102111199906293)

Processing 3/1072: ځ@Ez (g)
  SUCCESS: ځ@Ez (ID: 102311200203114)

Processing 4/1072: R핁@ɐD (g)
  SUCCESS: R핁@ɐD (ID: 102011199810107)

Processing 5/1072: ˋ@Đ (g)
  SUCCESS: ˋ@Đ (ID: 101811200004043)

Processing 6/1072: @MM (g)
  SUCCESS: @MM (ID: 101111199403150)

Processing 7/1072: @ (g)
  SUCCESS: @ (ID: 101711199511023)

Processing 8/1072: OtB (g)
  SUCCESS: eDOtB (ID: 100021199507275)

Processing 9/1072: ߓ@嗺 (g)
  SUCCESS: ߓ@嗺 (ID: 101511199105291)

Processing 10/1072: Ԑ@Du (g)
  SUCCESS: Ԑ@Du (ID: 102111199907020)

Processing 11/1072: P[ (g)
  SUCCESS: jDP[ (ID: 100021199304281)

Processing 12/1072: n@H (g)
  SUCCESS: n@H (ID: 101711199505185)

Processing 13/1072: @ᩑ (g)
  SUCCESS: @ᩑ (ID: 101511199402244)

Processing 14/1072: c@ll (g)
  SUCCESS: c@ll (ID: 101711199907133)

Processing 15/1072: ؁@S (g)
  SUCCESS: ؁@S (ID: 102311199902126)

Processing 16/1072: Xc@x (g)
  SUCCESS: Xc@x (ID: 102311199702116)

Processing 17/1072: c@琰 (g)
  SUCCESS: c@琰 (ID: 102211200009213)

Processing 18/1072: ohi[h (g)
  SUCCESS: `Dohi[h (ID: 100021199302010)

Processing 19/1072: @Y (g)
  SUCCESS: @Y (ID: 101611199207133)

Processing 20/1072: {@x (g)
  SUCCESS: {@x (ID: 102411200209126)

Processing 21/1072: D@ (g)
  SUCCESS: D@ (ID: 102211199610165)

Processing 22/1072: @M (g)
  SUCCESS: @M (ID: 101811200008307)

Processing 23/1072: @\ (g)
  SUCCESS: @\ (ID: 101811199703020)

Processing 24/1072: ]@ (g)
  SUCCESS: ]@ (ID: 101611199901150)

Processing 25/1072: Rc@ (g)
  SUCCESS: Rc@ (ID: 102111200009077)

Processing 26/1072: ΐ@B (g)
  SUCCESS: ΐ@B (ID: 102011199804150)

Processing 27/1072: @ (g)
  SUCCESS: @ (ID: 102011199808015)

Processing 28/1072: en@H (g)
  SUCCESS: en@H (ID: 102111199906021)

Processing 29/1072: Γc@[ (g)
  SUCCESS: Γc@[ (ID: 102411200607210)

Processing 30/1072: xc@T (g)
  SUCCESS: xc@T (ID: 101911200105215)

Processing 31/1072: }eBlX (g)
  SUCCESS: qD}eBlX (ID: 100021199610118)

Processing 32/1072: ˓c@ (g)
  SUCCESS: ˓c@ (ID: 102011200007223)

Processing 33/1072: @ (g)
  SUCCESS: @ (ID: 101911200105130)

Processing 34/1072: {@ (g)
  SUCCESS: {@ (ID: 102111200402061)

Processing 35/1072: b@ (g)
  SUCCESS: b@ (ID: 101012199211051)

Processing 36/1072: с@i (g)
  SUCCESS: с@i (ID: 101312198906071)

Processing 37/1072: @O (g)
  SUCCESS: @O (ID: 101712199302110)

Processing 38/1072: ݓc@s (g)
  SUCCESS: ݓc@s (ID: 101712199610101)

Processing 39/1072: S@ (g)
  SUCCESS: S@ (ID: 101612199804251)

Processing 40/1072: R@TV (g)
  SUCCESS: R@TV (ID: 101912200105047)

Processing 41/1072: 쑽@ (g)
  SUCCESS: 쑽@ (ID: 102012199808251)

Processing 42/1072: @ (g)
  SUCCESS: @ (ID: 101712200001247)

Processing 43/1072: c@P (g)
  SUCCESS: c@P (ID: 101511199307296)

Processing 44/1072: g@P (g)
  SUCCESS: g@P (ID: 101612199502087)

Processing 45/1072: e@ (g)
  SUCCESS: e@ (ID: 102212200101241)

Processing 46/1072: {@El (g)
  SUCCESS: {@El (ID: 100612198812142)

Processing 47/1072: Βˁ@T (g)
  SUCCESS: Βˁ@T (ID: 102412200604060)

Processing 48/1072: {@a^ (g)
  SUCCESS: {@a^ (ID: 101412199606300)

Processing 49/1072: Yc@r (g)
  SUCCESS: Yc@r (ID: 102412200208300)

Processing 50/1072: @F (g)
  SUCCESS: @F (ID: 102312199905170)

Processing 51/1072: R@s (g)
  SUCCESS: R@s (ID: 102012200204124)

Processing 52/1072: `[h (g)
  SUCCESS: `[hi@`[hj (ID: 101712199906188)

Processing 53/1072: HL@Dl (g)
  SUCCESS: HL@Dl (ID: 102012200209170)

Processing 54/1072: r@I (g)
  SUCCESS: r@I (ID: 102412200212230)

Processing 55/1072: c@ (g)
  SUCCESS: c@ (ID: 101812200006176)

Processing 56/1072: @v` (g)
  SUCCESS: @v` (ID: 100912198412063)

Processing 57/1072: ہ@_ (g)
  SUCCESS: ہ@_ (ID: 100712198904116)

Processing 58/1072: @ (g)
  SUCCESS: @ (ID: 102212200012285)

Processing 59/1072: LxbW (g)
  SUCCESS: sDLxbW (ID: 100022199705033)

Processing 60/1072: c@I (g)
  SUCCESS: c@I (ID: 102112200001190)

Processing 61/1072: tv (g)
  SUCCESS: lDtv (ID: 100022199901096)

Processing 62/1072: wifX (g)
  SUCCESS: dDwifX (ID: 100022199411210)

Processing 63/1072: dM@TV (g)
  SUCCESS: dM@TV (ID: 101512199304172)

Processing 64/1072: X؁@r (g)
  SUCCESS: X؁@r (ID: 102312199911062)

Processing 65/1072: IRG@ڈ (g)
  SUCCESS: IRG@ڈ (ID: 101512199707210)

Processing 66/1072: @Č (g)
  SUCCESS: @Č (ID: 102212200411240)

Processing 67/1072: @q (g)
  SUCCESS: @q (ID: 101112199401060)

Processing 68/1072: с@yl (g)
  SUCCESS: с@yl (ID: 102012199804139)

Processing 69/1072: @ (g)
  SUCCESS: @ (ID: 102112200402092)

Processing 70/1072: Oˁ@ (g)
  SUCCESS: Oˁ@ (ID: 102212200405106)

Processing 71/1072: ؁@a (g)
  SUCCESS: ؁@a (ID: 102112199904272)

Processing 72/1072: OY@ (g)
  SUCCESS: OY@ (ID: 102311200104286)

Processing 73/1072: x]@Y (g)
  SUCCESS: x]@Y (ID: 102411200610085)

Processing 74/1072: ؁@\W (g)
  SUCCESS: ؁@\W (ID: 102411200607092)

Processing 75/1072: t@L (g)
  SUCCESS: t@L (ID: 102311200505153)

Processing 76/1072: ؉@ (g)
  SUCCESS: ؉@ (ID: 102011200205011)

Processing 77/1072: c@K (g)
  SUCCESS: c@K (ID: 102311200507072)

Processing 78/1072: @D (g)
  SUCCESS: @D (ID: 102211200009146)

Processing 79/1072: c@P (g)
  SUCCESS: c@P (ID: 102211200404063)

Processing 80/1072: g@D (g)
  SUCCESS: g@D (ID: 102211200412087)

Processing 81/1072: xc@ (g)
  SUCCESS: xc@ (ID: 102111199911113)

Processing 82/1072: @ (g)
  SUCCESS: @ (ID: 102411200611154)

Processing 83/1072: c@u (g)
  SUCCESS: c@u (ID: 102411200702215)

Processing 84/1072: X{@N (g)
  SUCCESS: X{@N (ID: 102211200409036)

Processing 85/1072: VA[m (g)
  SUCCESS: dDVA[m (ID: 100021200002150)

Processing 86/1072: @э (g)
  SUCCESS: [Player 86] (ID: 100011200512045)

Processing 87/1072: OY} (g)
  SUCCESS: eDOY} (ID: 100021200612305)

Processing 88/1072: Ł@l (g)
  SUCCESS: Ł@l (ID: 102111200402291)

Processing 89/1072: ]@ (g)
  SUCCESS: ]@ (ID: 101811200006204)

Processing 90/1072: ԓc@Ў (g)
  SUCCESS: ԓc@Ў (ID: 102111200306255)

Processing 91/1072: ؁@a (g)
  SUCCESS: ؁@a (ID: 102111200309082)

Processing 92/1072: Γc@s (g)
  SUCCESS: Γc@s (ID: 102111200304050)

Processing 93/1072: {@El (g)
  SUCCESS: {@El (ID: 102012200204152)

Processing 94/1072: Á@ (g)
  SUCCESS: Á@ (ID: 102112200305280)

Processing 95/1072: Tc@[ (g)
  SUCCESS: Tc@[ (ID: 102112199904091)

Processing 96/1072: {@B (g)
  SUCCESS: {@B (ID: 102412200208312)

Processing 97/1072: c@ (g)
  SUCCESS: c@ (ID: 102212200406274)

Processing 98/1072: R@ (g)
  SUCCESS: R@ (ID: 102312200506276)

Processing 99/1072: c@D (g)
  SUCCESS: c@D (ID: 102312200506083)

Processing 100/1072: Fs{@ (g)
  SUCCESS: Fs{@ (ID: 102312200406230)

Processing 101/1072: V@ (g)
  SUCCESS: V@ (ID: 102212200405280)

Processing 102/1072: |@q (g)
  SUCCESS: |@q (ID: 102412200611123)

Processing 103/1072: k@ (g)
  SUCCESS: k@ (ID: 102212200502201)

Processing 104/1072: eB} (g)
  SUCCESS: iDeB} (ID: 100022200409255)

Processing 105/1072: R@ (g)
  SUCCESS: R@ (ID: 102312200403165)

Processing 106/1072: @ (g)
  SUCCESS: @ (ID: 102212200407120)

Processing 107/1072: tFX (g)
  SUCCESS: bDtFX (ID: 100022200209071)

Processing 108/1072: Mz@G (g)
  SUCCESS: Mz@G (ID: 101912200108235)

Processing 109/1072: Q (t)
  SUCCESS: iDQ (ID: 100021199509255)

Processing 110/1072: @D (t)
  SUCCESS: @D (ID: 101311199106190)

Processing 111/1072: @S (t)
  SUCCESS: @S (ID: 101311199109050)

Processing 112/1072: @ (t)
  SUCCESS: @ (ID: 101911200109134)

Processing 113/1072: @EP (t)
  SUCCESS: @EP (ID: 100811199011104)

Processing 114/1072: Ɍ@ːl (t)
  SUCCESS: Ɍ@ːl (ID: 102411200008070)

Processing 115/1072: @C (t)
  SUCCESS: @C (ID: 102311200203272)

Processing 116/1072: fveBG (t)
  SUCCESS: iDfveBG (ID: 100021199407112)

Processing 117/1072: H@א (t)
  SUCCESS: H@א (ID: 102411200111191)

Processing 118/1072: ŗt@ (t)
  SUCCESS: ŗt@ (ID: 102311200203182)

Processing 119/1072: ɓ@i (t)
  SUCCESS: ɓ@i (ID: 102011199605080)

Processing 120/1072: ہ@T (t)
  SUCCESS: ہ@T (ID: 102411200606021)

Processing 121/1072: @yl (t)
  SUCCESS: @yl (ID: 101711199511073)

Processing 122/1072: ʁ@[l (t)
  SUCCESS: ʁ@[l (ID: 102211200407106)

Processing 123/1072: @M (t)
  SUCCESS: @M (ID: 102411199912185)

Processing 124/1072: @ (t)
  SUCCESS: @ (ID: 101811199609100)

Processing 125/1072: ˖؁@_l (t)
  SUCCESS: ˖؁@_l (ID: 101611199811072)

Processing 126/1072: @ (t)
  SUCCESS: @ (ID: 101611199405315)

Processing 127/1072: y@M (t)
  SUCCESS: y@M (ID: 101911200104180)

Processing 128/1072: @ (t)
  SUCCESS: @ (ID: 102011199806256)

Processing 129/1072: l\ (t)
  SUCCESS: mDl\ (ID: 100021199512054)

Processing 130/1072: {@_ (t)
  SUCCESS: {@_ (ID: 101011199302142)

Processing 131/1072: ˕~@n (t)
  SUCCESS: ˕~@n (ID: 102111199906201)

Processing 132/1072: ؁@Gr (t)
  SUCCESS: ؁@Gr (ID: 102211200406080)

Processing 133/1072: |@kY (t)
  SUCCESS: |@kY (ID: 101711199506290)

Processing 134/1072: xc@@ (t)
  SUCCESS: xc@@ (ID: 102211200109063)

Processing 135/1072: ؉@s (t)
  SUCCESS: ؉@s (ID: 102411200101271)

Processing 136/1072: ΍@C (t)
  SUCCESS: ΍@C (ID: 102311200106200)

Processing 137/1072: @pM (t)
  SUCCESS: @pM (ID: 102111199911070)

Processing 138/1072: @ (t)
  SUCCESS: @ (ID: 101811199907177)

Processing 139/1072: Óc@~ (t)
  SUCCESS: Óc@~ (ID: 102311200108273)

Processing 140/1072: Έ@q (t)
  SUCCESS: Έ@q (ID: 102011199707290)

Processing 141/1072: n[gEBO (t)
  SUCCESS: fDn[gEBO (ID: 100021199712181)

Processing 142/1072: hX (t)
  SUCCESS: qDhX (ID: 100021198801108)

Processing 143/1072: 쌴@ (t)
  SUCCESS: 쌴@ (ID: 101811200012121)

Processing 144/1072: @@ (t)
  SUCCESS: @@ (ID: 102011199804112)

Processing 145/1072: r[Y[ (t)
  SUCCESS: iDr[Y[ (ID: 100021199511202)

Processing 146/1072: ~@Y (t)
  SUCCESS: ~@Y (ID: 101312199106170)

Processing 147/1072: {@uY (t)
  SUCCESS: {@uY (ID: 101512199311102)

Processing 148/1072: Ď}@TM (t)
  SUCCESS: Ď}@TM (ID: 102012199805162)

Processing 149/1072: c@ (t)
  SUCCESS: c@ (ID: 102412200304036)

Processing 150/1072: @ (t)
  SUCCESS: @ (ID: 101612199404284)

Processing 151/1072: c@l (t)
  SUCCESS: c@l (ID: 101912200110185)

Processing 152/1072: @El (t)
  SUCCESS: @El (ID: 102112200401274)

Processing 153/1072: ؘQ@ (t)
  SUCCESS: ؘQ@ (ID: 101812199406151)

Processing 154/1072: R@I (t)
  SUCCESS: R@I (ID: 101612199412190)

Processing 155/1072: FJ@hG (t)
  SUCCESS: FJ@hG (ID: 101712199511101)

Processing 156/1072: @P (t)
  SUCCESS: @P (ID: 102012199903132)

Processing 157/1072: n糁@ (t)
  SUCCESS: n糁@ (ID: 101312199504309)

Processing 158/1072: @l (t)
  SUCCESS: @l (ID: 101612199211110)

Processing 159/1072: @ (t)
  SUCCESS: @ (ID: 101812200009210)

Processing 160/1072: ˈ@m (t)
  SUCCESS: ˈ@m (ID: 102212200501183)

Processing 161/1072: @z (t)
  SUCCESS: @z (ID: 102412200202142)

Processing 162/1072: @ (t)
  SUCCESS: @ (ID: 102012199606284)

Processing 163/1072: Rc@ (t)
  SUCCESS: Rc@ (ID: 102312200508207)

Processing 164/1072: S핁@ (t)
  SUCCESS: S핁@ (ID: 102312200509116)

Processing 165/1072: Ac@C (t)
  SUCCESS: Ac@C (ID: 101412199604190)

Processing 166/1072: @] (t)
  SUCCESS: @] (ID: 102012200210173)

Processing 167/1072: @m (t)
  SUCCESS: @m (ID: 100912199203035)

Processing 168/1072: wifX (t)
  SUCCESS: qDwifX (ID: 100022199603028)

Processing 169/1072: X@đ (t)
  SUCCESS: X@đ (ID: 102212200008146)

Processing 170/1072: ߖ{@i (t)
  SUCCESS: ߖ{@i (ID: 101812199411093)

Processing 171/1072: @L (t)
  SUCCESS: @L (ID: 101912200108120)

Processing 172/1072: ؁@z (t)
  SUCCESS: ؁@z (ID: 102212200503170)

Processing 173/1072: c@C (t)
  SUCCESS: c@C (ID: 101712199602062)

Processing 174/1072: {@׎j (t)
  SUCCESS: {@׎j (ID: 101712199507071)

Processing 175/1072: O@E (t)
  SUCCESS: O@E (ID: 102112200305186)

Processing 176/1072: 쎛@g (t)
  SUCCESS: 쎛@g (ID: 101912199803170)

Processing 177/1072: Lc@ (t)
  SUCCESS: Lc@ (ID: 102112199704283)

Processing 178/1072: @C (t)
  SUCCESS: @C (ID: 102212200007174)

Processing 179/1072: X؁@q (t)
  SUCCESS: X؁@q (ID: 102111200304176)

Processing 180/1072: ؁@El (t)
  SUCCESS: ؁@El (ID: 102111200003172)

Processing 181/1072: @ꕽ (t)
  SUCCESS: @ꕽ (ID: 101911199706030)

Processing 182/1072: @ (t)
  SUCCESS: @ (ID: 102311199908246)

Processing 183/1072: ɓ@ (t)
  SUCCESS: ɓ@ (ID: 102111199911080)

Processing 184/1072: x^ZX (t)
  SUCCESS: iDx^ZX (ID: 100021199910175)

Processing 185/1072: }eBlX (t)
  SUCCESS: `D}eBlX (ID: 100021200001100)

Processing 186/1072: @َmN (t)
  SUCCESS: @َmN (ID: 102412200307132)

Processing 187/1072: 핁@rN (t)
  SUCCESS: 핁@rN (ID: 102412200105021)

Processing 188/1072: AiGX (t)
  SUCCESS: iDAiGX (ID: 100022200208222)

Processing 189/1072: @\ (t)
  SUCCESS: @\ (ID: 102312200110065)

Processing 190/1072: RXGO (t)
  SUCCESS: rDRXGO (ID: 100022200009242)

Processing 191/1072: 哹@M (c)
  SUCCESS: 哹@M (ID: 102011199901200)

Processing 192/1072: XY@ (c)
  SUCCESS: XY@ (ID: 102011199806156)

Processing 193/1072: 吣ǁ@n (c)
  SUCCESS: 吣ǁ@n (ID: 101311199106170)

Processing 194/1072: X@ĕ (c)
  SUCCESS: X@ĕ (ID: 102111199801016)

Processing 195/1072: A@Hl (c)
  SUCCESS: A@Hl (ID: 102311200109183)

Processing 196/1072: X@m (c)
  SUCCESS: X@m (ID: 101911199708256)

Processing 197/1072: c@ (c)
  SUCCESS: c@ (ID: 101611199503013)

Processing 198/1072: Iс@Ǘ (c)
  SUCCESS: Iс@Ǘ (ID: 102011199607091)

Processing 199/1072: 핁@đ (c)
  SUCCESS: 핁@đ (ID: 101011199208104)

Processing 200/1072: @ (c)
  SUCCESS: @ (ID: 102311200107263)

Processing 201/1072: @ (c)
  SUCCESS: @ (ID: 102111199911291)

Processing 202/1072: vc@ (c)
  SUCCESS: vc@ (ID: 102211199810066)

Processing 203/1072: @V (c)
  SUCCESS: @V (ID: 102411200211012)

Processing 204/1072: Pi@ (c)
  SUCCESS: Pi@ (ID: 101711199506051)

Processing 205/1072: c@ (c)
  SUCCESS: c@ (ID: 102311200112283)

Processing 206/1072: @V (c)
  SUCCESS: @V (ID: 101611199809273)

Processing 207/1072: Ԓˁ@ (c)
  SUCCESS: Ԓˁ@ (ID: 102311200107010)

Processing 208/1072: ͍]@֍ (c)
  SUCCESS: ͍]@֍ (ID: 101411199702215)

Processing 209/1072: J@⎟ (c)
  SUCCESS: J@⎟ (ID: 102211199807295)

Processing 210/1072: ؁@ (c)
  SUCCESS: ؁@ (ID: 101911199712112)

Processing 211/1072: h~QX (c)
  SUCCESS: iDh~QX (ID: 100021199601182)

Processing 212/1072: @DY (c)
  SUCCESS: @DY (ID: 101811199610142)

Processing 213/1072: {@ (c)
  SUCCESS: {@ (ID: 102111199909186)

Processing 214/1072: ͖@ (c)
  SUCCESS: ͖@ (ID: 102211200108231)

Processing 215/1072: ē@D (c)
  SUCCESS: ē@D (ID: 102211200405272)

Processing 216/1072: AhD@ (c)
  SUCCESS: AhD@ (ID: 101611199810020)

Processing 217/1072: {@x (c)
  SUCCESS: {@x (ID: 102411200206120)

Processing 218/1072: ʑ@ (c)
  SUCCESS: ʑ@ (ID: 101911200104163)

Processing 219/1072: @~u (c)
  SUCCESS: @~u (ID: 101711199904080)

Processing 220/1072: en@n (c)
  SUCCESS: en@n (ID: 102411200701211)

Processing 221/1072: n[ (c)
  SUCCESS: sDn[ (ID: 100021199408303)

Processing 222/1072: @g (c)
  SUCCESS: @g (ID: 102211200409165)

Processing 223/1072: ҁ@ (c)
  SUCCESS: ҁ@ (ID: 102211200408293)

Processing 224/1072: V@ (c)
  SUCCESS: V@ (ID: 100612198804130)

Processing 225/1072: q@ (c)
  SUCCESS: q@ (ID: 101612199805292)

Processing 226/1072: Ό@MK (c)
  SUCCESS: Ό@MK (ID: 101912199802030)

Processing 227/1072: 鑺@ÍF (c)
  SUCCESS: 鑺@ÍF (ID: 101012199211010)

Processing 228/1072: ہ@׋P (c)
  SUCCESS: ہ@׋P (ID: 101912200110266)

Processing 229/1072: @l (c)
  SUCCESS: @l (ID: 102212200407062)

Processing 230/1072: ؁@ēl (c)
  SUCCESS: ؁@ēl (ID: 102112200308123)

Processing 231/1072: H@Y (c)
  SUCCESS: H@Y (ID: 101812200004195)

Processing 232/1072: {@i (c)
  SUCCESS: {@i (ID: 101212199008220)

Processing 233/1072: c@L (c)
  SUCCESS: c@L (ID: 101312198907033)

Processing 234/1072: @ (c)
  SUCCESS: @ (ID: 102012199812167)

Processing 235/1072: @Cl (c)
  SUCCESS: @Cl (ID: 101812200006071)

Processing 236/1072: с@đ (c)
  SUCCESS: с@đ (ID: 100912199108173)

Processing 237/1072: X؁@ (c)
  SUCCESS: X؁@ (ID: 102412200212242)

Processing 238/1072: er@ (c)
  SUCCESS: er@ (ID: 101112199003111)

Processing 239/1072: с@W (c)
  SUCCESS: с@W (ID: 101812200011165)

Processing 240/1072: n糁@Il (c)
  SUCCESS: n糁@Il (ID: 102412200207079)

Processing 241/1072: BV@Y (c)
  SUCCESS: BV@Y (ID: 101912200105204)

Processing 242/1072: c@Аm (c)
  SUCCESS: c@Аm (ID: 102312200507314)

Processing 243/1072: c@Ñ (c)
  SUCCESS: c@Ñ (ID: 102212200409220)

Processing 244/1072: R@B (c)
  SUCCESS: R@B (ID: 101712199310267)

Processing 245/1072: O@ (c)
  SUCCESS: O@ (ID: 102112200304046)

Processing 246/1072: @[ (c)
  SUCCESS: @[ (ID: 102312200105242)

Processing 247/1072: e (c)
  SUCCESS: dDe (ID: 100022199808170)

Processing 248/1072: 񖓁@Ĉ (c)
  SUCCESS: 񖓁@Ĉ (ID: 102012200210215)

Processing 249/1072: HR@Č (c)
  SUCCESS: HR@Č (ID: 101012198804160)

Processing 250/1072: ԁ@s (c)
  SUCCESS: ԁ@s (ID: 101412199301284)

Processing 251/1072: F@E (c)
  SUCCESS: F@E (ID: 101912199704170)

Processing 252/1072: @l (c)
  SUCCESS: @l (ID: 102112199705214)

Processing 253/1072: @ (c)
  SUCCESS: @ (ID: 102112199605272)

Processing 254/1072: R@ (c)
  SUCCESS: R@ (ID: 100712198509186)

Processing 255/1072: vہ@C (c)
  SUCCESS: vہ@C (ID: 102212200009291)

Processing 256/1072: 吷@ (c)
  SUCCESS: 吷@ (ID: 101812199608310)

Processing 257/1072: c@r (c)
  SUCCESS: c@r (ID: 102112200308253)

Processing 258/1072: t@rA (c)
  SUCCESS: rDt@rA (ID: 100022199803062)

Processing 259/1072: @ (c)
  SUCCESS: @ (ID: 101712199906064)

Processing 260/1072: @M_ (c)
  SUCCESS: @M_ (ID: 102212200004094)

Processing 261/1072: c@ (c)
  SUCCESS: c@ (ID: 102311200108282)

Processing 262/1072: D@ (c)
  SUCCESS: D@ (ID: 102411200606201)

Processing 263/1072: |@Cl (c)
  SUCCESS: |@Cl (ID: 102411200611063)

Processing 264/1072: @] (c)
  SUCCESS: @] (ID: 102311200509232)

Processing 265/1072: с@l (c)
  SUCCESS: с@l (ID: 102011200301161)

Processing 266/1072: |@r (c)
  SUCCESS: |@r (ID: 102412200104177)

Processing 267/1072: ~X (c)
  SUCCESS: lD~X (ID: 100022200202016)

Processing 268/1072: @TF (c)
  SUCCESS: @TF (ID: 102212200006244)

Processing 269/1072: xg (c)
  SUCCESS: mDxg (ID: 100022200010274)

Processing 270/1072: @ (db)
  SUCCESS: @ (ID: 101711199511290)

Processing 271/1072: |c@S (db)
  SUCCESS: |c@S (ID: 102411199907053)

Processing 272/1072: ɐ@喲 (db)
  SUCCESS: ɐ@喲 (ID: 101911199803070)

Processing 273/1072: Γc@ (db)
  SUCCESS: Γc@ (ID: 101411199303010)

Processing 274/1072: R@s (db)
  SUCCESS: R@s (ID: 102111199906063)

Processing 275/1072: с@W (db)
  SUCCESS: с@W (ID: 101811199402030)

Processing 276/1072: O@P (db)
  SUCCESS: O@P (ID: 101211199005076)

Processing 277/1072: @ (db)
  SUCCESS: @ (ID: 102111200304091)

Processing 278/1072: R핁@NW (db)
  SUCCESS: R핁@NW (ID: 101411199210027)

Processing 279/1072: {@T (db)
  SUCCESS: {@T (ID: 101911199707282)

Processing 280/1072: ]@吶 (db)
  SUCCESS: ]@吶 (ID: 102011199808260)

Processing 281/1072: g@ (db)
  SUCCESS: g@ (ID: 102211199807197)

Processing 282/1072: Q@WY (db)
  SUCCESS: Q@WY (ID: 101211199404125)

Processing 283/1072: ؁@Y (db)
  SUCCESS: ؁@Y (ID: 102411200205072)

Processing 284/1072: {@l (db)
  SUCCESS: {@l (ID: 102311200112056)

Processing 285/1072: {@B (db)
  SUCCESS: {@B (ID: 102211200007185)

Processing 286/1072: X@ڑ (db)
  SUCCESS: X@ڑ (ID: 102211200409196)

Processing 287/1072: X@Bl (db)
  SUCCESS: X@Bl (ID: 101311199201086)

Processing 288/1072: ᏼ@P (db)
  SUCCESS: ᏼ@P (ID: 102411200005109)

Processing 289/1072: {@V (db)
  SUCCESS: {@V (ID: 102011200207316)

Processing 290/1072: X؁@甹 (db)
  SUCCESS: X؁@甹 (ID: 101611199406082)

Processing 291/1072: WN\ (db)
  SUCCESS: `DWN\ (ID: 100021199605010)

Processing 292/1072: X@N (db)
  SUCCESS: X@N (ID: 101611199112266)

Processing 293/1072: @D (db)
  SUCCESS: @D (ID: 102411200209122)

Processing 294/1072: R@ (db)
  SUCCESS: R@ (ID: 101611199807041)

Processing 295/1072: ln@^ (db)
  SUCCESS: ln@^ (ID: 101611199805255)

Processing 296/1072: D (db)
  SUCCESS: Di@Dj (ID: 102011199810105)

Processing 297/1072: Γc@TY (db)
  SUCCESS: Γc@TY (ID: 102311200201220)

Processing 298/1072: ǁ@Y (db)
  SUCCESS: ǁ@Y (ID: 101311199507123)

Processing 299/1072: EBbN (db)
  SUCCESS: qDEBbN (ID: 100021199211098)

Processing 300/1072: @Ց (db)
  SUCCESS: @Ց (ID: 101711199910024)

Processing 301/1072: {@ꑾ (db)
  SUCCESS: {@ꑾ (ID: 101811200007156)

Processing 302/1072: c@M (db)
  SUCCESS: c@M (ID: 102011199806160)

Processing 303/1072: PC (db)
  SUCCESS: `DPC (ID: 100021199503210)

Processing 304/1072: i@zl (db)
  SUCCESS: i@zl (ID: 102311200105312)

Processing 305/1072: x@l (db)
  SUCCESS: x@l (ID: 101611199809115)

Processing 306/1072: fBAX (db)
  SUCCESS: xDfBAX (ID: 100021199906102)

Processing 307/1072: oEA[ (db)
  SUCCESS: sDoEA[ (ID: 100021199101173)

Processing 308/1072: }Z[m (db)
  SUCCESS: gD}Z[m (ID: 100021200206165)

Processing 309/1072: @ (db)
  SUCCESS: @ (ID: 102212200407066)

Processing 310/1072: ˒@F (db)
  SUCCESS: ˒@F (ID: 101512199004113)

Processing 311/1072: ɓ@ (db)
  SUCCESS: ɓ@ (ID: 100712198904230)

Processing 312/1072: vq@E (db)
  SUCCESS: vq@E (ID: 101812200012276)

Processing 313/1072: R{@S (db)
  SUCCESS: R{@S (ID: 101712199809117)

Processing 314/1072: ȁ@ (db)
  SUCCESS: ȁ@ (ID: 101912200107030)

Processing 315/1072: S@ (db)
  SUCCESS: S@ (ID: 101612199809051)

Processing 316/1072: с@^ (db)
  SUCCESS: с@^ (ID: 102212200008245)

Processing 317/1072: q@G (db)
  SUCCESS: q@G (ID: 102012199804216)

Processing 318/1072: I[XeB (db)
  SUCCESS: sDI[XeB (ID: 100022199109063)

Processing 319/1072: X@hl (db)
  SUCCESS: X@hl (ID: 101912200201286)

Processing 320/1072: c@z (db)
  SUCCESS: c@z (ID: 101612199404201)

Processing 321/1072: OX@M (db)
  SUCCESS: OX@M (ID: 101612199902216)

Processing 322/1072: ēc@ (db)
  SUCCESS: ēc@ (ID: 101512199312162)

Processing 323/1072: @ (db)
  SUCCESS: @ (ID: 102412200206151)

Processing 324/1072: Ώ@׋P (db)
  SUCCESS: Ώ@׋P (ID: 102312200105180)

Processing 325/1072: {핁@qY (db)
  SUCCESS: {핁@qY (ID: 101212198812126)

Processing 326/1072: @o (db)
  SUCCESS: @o (ID: 102312200002230)

Processing 327/1072: c@^ (db)
  SUCCESS: c@^ (ID: 102412200703063)

Processing 328/1072: m@l (db)
  SUCCESS: m@l (ID: 101812199902163)

Processing 329/1072: rVGh (db)
  SUCCESS: cDrVGh (ID: 100022198903103)

Processing 330/1072: tH[h (db)
  SUCCESS: lDtH[h (ID: 100022199207046)

Processing 331/1072: K@u (db)
  SUCCESS: K@u (ID: 101112199307211)

Processing 332/1072: x@P (db)
  SUCCESS: x@P (ID: 102312200210049)

Processing 333/1072: @b (db)
  SUCCESS: @b (ID: 101612199411282)

Processing 334/1072: _@aB (db)
  SUCCESS: _@aB (ID: 101712199401171)

Processing 335/1072: @Òq (db)
  SUCCESS: @Òq (ID: 100912199111263)

Processing 336/1072: @j (db)
  SUCCESS: @j (ID: 101812200005221)

Processing 337/1072: c@ (db)
  SUCCESS: c@ (ID: 102312200506063)

Processing 338/1072: @V (db)
  SUCCESS: @V (ID: 102112199909191)

Processing 339/1072: ږ@Bv (db)
  SUCCESS: ږ@Bv (ID: 101912199709200)

Processing 340/1072: ֍@C (db)
  SUCCESS: ֍@C (ID: 101312199506282)

Processing 341/1072: [@P (db)
  SUCCESS: [@P (ID: 102111200311055)

Processing 342/1072: @zl (db)
  SUCCESS: @zl (ID: 102211200406071)

Processing 343/1072: @ (db)
  SUCCESS: @ (ID: 102311200510062)

Processing 344/1072: @ (db)
  SUCCESS: @ (ID: 102411200610011)

Processing 345/1072: @ړl (db)
  SUCCESS: @ړl (ID: 102211200407131)

Processing 346/1072: g@g (db)
  SUCCESS: g@g (ID: 102411200608287)

Processing 347/1072: }J@r (db)
  SUCCESS: }J@r (ID: 101411199703171)

Processing 348/1072: b@ (db)
  SUCCESS: b@ (ID: 102212200101292)

Processing 349/1072: ߓ@ (db)
  SUCCESS: ߓ@ (ID: 102312200509181)

Processing 350/1072: @ (db)
  SUCCESS: @i؁@@j (ID: 102212200407188)

Processing 351/1072: }@ (db)
  SUCCESS: }@ (ID: 102312200510200)

Processing 352/1072: @ (db)
  SUCCESS: @ (ID: 101712199904224)

Processing 353/1072: ь@V (db)
  SUCCESS: ь@V (ID: 102112200402220)

Processing 354/1072: V@薣 (db)
  SUCCESS: V@薣 (ID: 102312200601183)

Processing 355/1072: j@P (db)
  SUCCESS: j@P (ID: 102412200610101)

Processing 356/1072: c@r (d)
  SUCCESS: c@r (ID: 100911199112050)

Processing 357/1072: {@Ў (d)
  SUCCESS: {@Ў (ID: 101911199801085)

Processing 358/1072: @ (d)
  SUCCESS: @ (ID: 102311200111211)

Processing 359/1072: ⛽@ (d)
  SUCCESS: ⛽@ (ID: 100711198910210)

Processing 360/1072: @T (d)
  SUCCESS: @T (ID: 101611199404227)

Processing 361/1072: ~Á@W (d)
  SUCCESS: ~Á@W (ID: 101811199610240)

Processing 362/1072: @Gl (d)
  SUCCESS: @Gl (ID: 102011200208093)

Processing 363/1072: O@G (d)
  SUCCESS: O@G (ID: 100411198606219)

Processing 364/1072: ہ@l (d)
  SUCCESS: ہ@l (ID: 102411200302011)

Processing 365/1072: @Y (d)
  SUCCESS: @Y (ID: 101011198809260)

Processing 366/1072: n@爟 (d)
  SUCCESS: n@爟 (ID: 102211200102154)

Processing 367/1072: X@l (d)
  SUCCESS: X@l (ID: 102011199805256)

Processing 368/1072: ؕ@D (d)
  SUCCESS: ؕ@D (ID: 102011200302246)

Processing 369/1072: @V (d)
  SUCCESS: @V (ID: 101811200004194)

Processing 370/1072: ɓ@䝉 (d)
  SUCCESS: ɓ@䝉 (ID: 102211200011190)

Processing 371/1072: c]@ (d)
  SUCCESS: c]@ (ID: 101311198708112)

Processing 372/1072: @ho (d)
  SUCCESS: @ho (ID: 101511199206165)

Processing 373/1072: c@KV (d)
  SUCCESS: c@KV (ID: 102311200508115)

Processing 374/1072: t@M (d)
  SUCCESS: t@M (ID: 101211199008146)

Processing 375/1072: @c (d)
  SUCCESS: @c (ID: 101811199706121)

Processing 376/1072: ~@Y (d)
  SUCCESS: ~@Y (ID: 101611199901130)

Processing 377/1072: gc@ (d)
  SUCCESS: gc@ (ID: 102411200205237)

Processing 378/1072: y@đ (d)
  SUCCESS: y@đ (ID: 102311200103105)

Processing 379/1072: @B (d)
  SUCCESS: @B (ID: 101711199911032)

Processing 380/1072: }e (d)
  SUCCESS: xD}e (ID: 100021199502022)

Processing 381/1072: @l (d)
  SUCCESS: @l (ID: 101611199805085)

Processing 382/1072: V@jL (d)
  SUCCESS: V@jL (ID: 101411199612182)

Processing 383/1072: @KC (d)
  SUCCESS: @KC (ID: 102411200612313)

Processing 384/1072: Ln@ (d)
  SUCCESS: Ln@ (ID: 102411200609200)

Processing 385/1072: OY@ (d)
  SUCCESS: OY@ (ID: 102111199909026)

Processing 386/1072: ߓ@ (d)
  SUCCESS: ߓ@ (ID: 102011199809221)

Processing 387/1072: R@W (d)
  SUCCESS: R@W (ID: 102211200006236)

Processing 388/1072: qA (d)
  SUCCESS: gDqA (ID: 100021199703030)

Processing 389/1072: }[ (d)
  SUCCESS: jD}[ (ID: 100021199710071)

Processing 390/1072: EH^[Y (d)
  SUCCESS: mDEH^[Y (ID: 100021199705184)

Processing 391/1072: ΈɁ@Y (d)
  SUCCESS: ΈɁ@Y (ID: 102412200008180)

Processing 392/1072: ؉@ (d)
  SUCCESS: ؉@ (ID: 101512199112181)

Processing 393/1072: F@^ (d)
  SUCCESS: F@^ (ID: 101512199306040)

Processing 394/1072: J@吽 (d)
  SUCCESS: J@吽 (ID: 102112200306146)

Processing 395/1072: @n (d)
  SUCCESS: @n (ID: 101412199204291)

Processing 396/1072: R@V (d)
  SUCCESS: R@V (ID: 102212200404217)

Processing 397/1072: ΋@N (d)
  SUCCESS: ΋@N (ID: 101812200012070)

Processing 398/1072: Җ{@ϑY (d)
  SUCCESS: Җ{@ϑY (ID: 102312200108113)

Processing 399/1072: c@ (d)
  SUCCESS: c@ (ID: 102212200011283)

Processing 400/1072: @ (d)
  SUCCESS: @ (ID: 101112199401183)

Processing 401/1072: JXe (d)
  SUCCESS: nDJXe (ID: 100022199202030)

Processing 402/1072: @Jl (d)
  SUCCESS: @Jl (ID: 102212200101066)

Processing 403/1072: c@ (d)
  SUCCESS: c@ (ID: 100712198904224)

Processing 404/1072: i@T (d)
  SUCCESS: i@T (ID: 102212199609165)

Processing 405/1072: `FCrX (d)
  SUCCESS: lD`FCrX (ID: 100022199508116)

Processing 406/1072: ΐ@V (d)
  SUCCESS: ΐ@V (ID: 101912200106220)

Processing 407/1072: Óc@[j (d)
  SUCCESS: Óc@[j (ID: 102312200211233)

Processing 408/1072: X@x (d)
  SUCCESS: X@x (ID: 102412200612256)

Processing 409/1072: yc@ (d)
  SUCCESS: yc@ (ID: 102012200212303)

Processing 410/1072: R{@׊ (d)
  SUCCESS: R{@׊ (ID: 101512199310107)

Processing 411/1072: R@SY (d)
  SUCCESS: R@SY (ID: 101512199403270)

Processing 412/1072: @ (d)
  SUCCESS: @ (ID: 101812199701152)

Processing 413/1072: hQX (d)
  SUCCESS: bDhQX (ID: 100022200203311)

Processing 414/1072: @C (d)
  SUCCESS: @C (ID: 102212199811175)

Processing 415/1072: c@ (d)
  SUCCESS: c@ (ID: 102312200008030)

Processing 416/1072: с@E (d)
  SUCCESS: с@E (ID: 101912200202220)

Processing 417/1072: 哇@m (d)
  SUCCESS: 哇@m (ID: 100912198511090)

Processing 418/1072: {X[ (d)
  SUCCESS: iD{X[ (ID: 100022199309062)

Processing 419/1072: _@T (d)
  SUCCESS: _@T (ID: 102212200005035)

Processing 420/1072: uCg@ (d)
  SUCCESS: uCg@ (ID: 102112199905075)

Processing 421/1072: z@i (d)
  SUCCESS: z@i (ID: 101512199306301)

Processing 422/1072: с@m (d)
  SUCCESS: с@m (ID: 101312199508010)

Processing 423/1072: x (d)
  SUCCESS: xi㓡@xj (ID: 101012199303052)

Processing 424/1072: א@ (d)
  SUCCESS: א@ (ID: 101612199808045)

Processing 425/1072: L@q (d)
  SUCCESS: L@q (ID: 102112199905300)

Processing 426/1072: @ (d)
  SUCCESS: @ (ID: 102411200612200)

Processing 427/1072: ΐ@ (d)
  SUCCESS: ΐ@ (ID: 101711199912140)

Processing 428/1072: 쒆@V (d)
  SUCCESS: 쒆@V (ID: 102211200502054)

Processing 429/1072: XR@Ő (d)
  SUCCESS: XR@Ő (ID: 102211200501116)

Processing 430/1072: ec@ėF (d)
  SUCCESS: ec@ėF (ID: 102311200309251)

Processing 431/1072: }eBlX (d)
  SUCCESS: qD}eBlX (ID: 100021200309288)

Processing 432/1072: n@P (d)
  SUCCESS: n@P (ID: 102312200409205)

Processing 433/1072: @ވP (d)
  SUCCESS: @ވP (ID: 102412200608164)

Processing 434/1072: @^ (d)
  SUCCESS: @^ (ID: 102112200312015)

Processing 435/1072: @ (d)
  SUCCESS: @ (ID: 102312200103101)

Processing 436/1072: @n (d)
  SUCCESS: @n (ID: 102312199905131)

Processing 437/1072: @I^ (d)
  SUCCESS: @I^ (ID: 102112199912015)

Processing 438/1072: jG (d)
  SUCCESS: bDjG (ID: 100022200104171)

Processing 439/1072: Ar (s)
  SUCCESS: oDAr (ID: 100021199701145)

Processing 440/1072: ΎR@גt (s)
  SUCCESS: ΎR@גt (ID: 101211198809010)

Processing 441/1072: @Dl (s)
  SUCCESS: @Dl (ID: 102411200302084)

Processing 442/1072: @ (s)
  SUCCESS: @ (ID: 101811199610152)

Processing 443/1072: @L (s)
  SUCCESS: @L (ID: 101911200104160)

Processing 444/1072: ΐ@K (s)
  SUCCESS: ΐ@K (ID: 100111198001220)

Processing 445/1072: V@ (s)
  SUCCESS: V@ (ID: 102011199804251)

Processing 446/1072: g@viY (s)
  SUCCESS: g@viY (ID: 102211199801197)

Processing 447/1072: @m (s)
  SUCCESS: @m (ID: 101611199404155)

Processing 448/1072: R@ (s)
  SUCCESS: R@ (ID: 102011199903247)

Processing 449/1072: {@ (s)
  SUCCESS: {@ (ID: 102311199904146)

Processing 450/1072: @׍O (s)
  SUCCESS: @׍O (ID: 101211199005160)

Processing 451/1072: i@G (s)
  SUCCESS: i@G (ID: 102411200005222)

Processing 452/1072: c@l (s)
  SUCCESS: c@l (ID: 101311199509143)

Processing 453/1072: Ό@EP (s)
  SUCCESS: Ό@EP (ID: 102311200108300)

Processing 454/1072: o[g (s)
  SUCCESS: oDo[g (ID: 100021199704185)

Processing 455/1072: @T (s)
  SUCCESS: @T (ID: 101311199106053)

Processing 456/1072: @ (s)
  SUCCESS: @ (ID: 101611199412317)

Processing 457/1072: R{@M (s)
  SUCCESS: R{@M (ID: 101711199511107)

Processing 458/1072: 吼@L (s)
  SUCCESS: 吼@L (ID: 101911199711080)

Processing 459/1072: V@j (s)
  SUCCESS: V@j (ID: 101511199803091)

Processing 460/1072: @ (s)
  SUCCESS: @ (ID: 101511199705143)

Processing 461/1072: vہ@Dl (s)
  SUCCESS: vہ@Dl (ID: 101711199911041)

Processing 462/1072: R@P (s)
  SUCCESS: R@P (ID: 102111199909127)

Processing 463/1072: @ (s)
  SUCCESS: @ (ID: 101511199307195)

Processing 464/1072: J@P (s)
  SUCCESS: J@P (ID: 101611199808235)

Processing 465/1072: {@ (s)
  SUCCESS: {@ (ID: 102211200407062)

Processing 466/1072: oE} (s)
  SUCCESS: lDoE} (ID: 100021199509106)

Processing 467/1072: {@N (s)
  SUCCESS: {@N (ID: 101911199510106)

Processing 468/1072: |R@ (s)
  SUCCESS: |R@ (ID: 102111200311023)

Processing 469/1072: @ᩗ (s)
  SUCCESS: @ᩗ (ID: 101711199908152)

Processing 470/1072: ێR@đ (s)
  SUCCESS: ێR@đ (ID: 102011199808226)

Processing 471/1072: @C (s)
  SUCCESS: @C (ID: 102411200003222)

Processing 472/1072: c@ĕ (s)
  SUCCESS: c@ĕ (ID: 101811200006244)

Processing 473/1072: @Wm (s)
  SUCCESS: @Wm (ID: 101511199312110)

Processing 474/1072: É@D (s)
  SUCCESS: É@D (ID: 101612199808071)

Processing 475/1072: @I (s)
  SUCCESS: @I (ID: 100812199006174)

Processing 476/1072: {@ (s)
  SUCCESS: {@ (ID: 101712199310176)

Processing 477/1072: R@s^ (s)
  SUCCESS: R@s^ (ID: 102012200206300)

Processing 478/1072: @דY (s)
  SUCCESS: @דY (ID: 102412200205227)

Processing 479/1072: ؁@ (s)
  SUCCESS: ؁@ (ID: 102312200603212)

Processing 480/1072: @^ (s)
  SUCCESS: @^ (ID: 102012200207174)

Processing 481/1072: {@ (s)
  SUCCESS: {@ (ID: 102212200009185)

Processing 482/1072: ԉH@Rh (s)
  SUCCESS: ԉH@Rh (ID: 102012200006290)

Processing 483/1072: Rc@Nl (s)
  SUCCESS: Rc@Nl (ID: 101012199207167)

Processing 484/1072: [@T (s)
  SUCCESS: [@T (ID: 100512198710161)

Processing 485/1072: @G (s)
  SUCCESS: @G (ID: 101912200109264)

Processing 486/1072: Ζ؁@hܘY (s)
  SUCCESS: Ζ؁@hܘY (ID: 101512199402146)

Processing 487/1072: {{@ (s)
  SUCCESS: {{@ (ID: 101712199504036)

Processing 488/1072: IXi (s)
  SUCCESS: iDIXi (ID: 100022199212125)

Processing 489/1072: @ڈɓl (s)
  SUCCESS: @ڈɓl (ID: 102212200407014)

Processing 490/1072: RӁ@ (s)
  SUCCESS: RӁ@ (ID: 101812199405247)

Processing 491/1072: k@ (s)
  SUCCESS: k@ (ID: 101711199508291)

Processing 492/1072: k@b (s)
  SUCCESS: k@b (ID: 102212200012181)

Processing 493/1072: c@z (s)
  SUCCESS: c@z (ID: 102412200606253)

Processing 494/1072: @@ (s)
  SUCCESS: @@ (ID: 101712200002026)

Processing 495/1072: @ (s)
  SUCCESS: @ (ID: 101912200105283)

Processing 496/1072: ɓ@ (s)
  SUCCESS: ɓ@ (ID: 102312200209110)

Processing 497/1072: ؁@G (s)
  SUCCESS: ؁@G (ID: 102012199903234)

Processing 498/1072: @yP (s)
  SUCCESS: @yP (ID: 101012199204164)

Processing 499/1072: ێR@a (s)
  SUCCESS: ێR@a (ID: 102112199907186)

Processing 500/1072: @ח (s)
  SUCCESS: @ח (ID: 101712199306122)

Processing 501/1072: T^i (s)
  SUCCESS: cDT^i (ID: 100022199208053)

Processing 502/1072: CZGt@jL[^ (s)
  SUCCESS: CZGt@jL[^ (ID: 102412200611296)

Processing 503/1072: V@ (s)
  SUCCESS: V@ (ID: 102212200005312)

Processing 504/1072: c@ (s)
  SUCCESS: c@ (ID: 101412199701190)

Processing 505/1072: _c@M (s)
  SUCCESS: _c@M (ID: 101812200009045)

Processing 506/1072: c@ (s)
  SUCCESS: c@ (ID: 101712199905216)

Processing 507/1072: c@KG (s)
  SUCCESS: c@KG (ID: 102112199707310)

Processing 508/1072: AV@D (s)
  SUCCESS: AV@D (ID: 102411200104275)

Processing 509/1072: ځ@V (s)
  SUCCESS: ځ@V (ID: 102311200106094)

Processing 510/1072: _@E (s)
  SUCCESS: _@E (ID: 102211200211234)

Processing 511/1072: Đ (s)
  SUCCESS: Đi@Đj (ID: 102311200512172)

Processing 512/1072: ؁@N (s)
  SUCCESS: ؁@N (ID: 101711199401212)

Processing 513/1072: @ (s)
  SUCCESS: @ (ID: 102111200003182)

Processing 514/1072: {@V (s)
  SUCCESS: {@V (ID: 102412200503016)

Processing 515/1072: V@I (s)
  SUCCESS: V@I (ID: 101912200203092)

Processing 516/1072: ݁@C (s)
  SUCCESS: ݁@C (ID: 102412200009204)

Processing 517/1072: @D (s)
  SUCCESS: @D (ID: 102312200507283)

Processing 518/1072: X`[gEWjA (h)
  SUCCESS: bDX`[gEWjA (ID: 100021199911021)

Processing 519/1072: @V (h)
  SUCCESS: @V (ID: 101111199402060)

Processing 520/1072: ÐX@GI (h)
  SUCCESS: ÐX@GI (ID: 101911199801213)

Processing 521/1072: @y (h)
  SUCCESS: @y (ID: 101611199503165)

Processing 522/1072: g@ (h)
  SUCCESS: g@ (ID: 101311199011046)

Processing 523/1072: l@ (h)
  SUCCESS: l@ (ID: 101211199006205)

Processing 524/1072: L@q (h)
  SUCCESS: L@q (ID: 101411199208110)

Processing 525/1072: c@đ (h)
  SUCCESS: c@đ (ID: 101111199304033)

Processing 526/1072: @דl (h)
  SUCCESS: @דl (ID: 102411200702206)

Processing 527/1072: Á@ (h)
  SUCCESS: Á@ (ID: 102211199901130)

Processing 528/1072: @r (h)
  SUCCESS: @r (ID: 102311200107300)

Processing 529/1072: 힁@x (h)
  SUCCESS: 힁@x (ID: 102411200205180)

Processing 530/1072: ]@ (h)
  SUCCESS: ]@ (ID: 101611199901150)

Processing 531/1072: c@ (h)
  SUCCESS: c@ (ID: 102311200108316)

Processing 532/1072: Cl (h)
  SUCCESS: kDCl (ID: 100021199512088)

Processing 533/1072: `@l (h)
  SUCCESS: `@l (ID: 101711199905150)

Processing 534/1072: R@ (h)
  SUCCESS: R@ (ID: 101811199712072)

Processing 535/1072: Oc@I (h)
  SUCCESS: Oc@I (ID: 102311200508046)

Processing 536/1072: ɓ@D (h)
  SUCCESS: ɓ@D (ID: 102011199701140)

Processing 537/1072: ց@Fv (h)
  SUCCESS: ց@Fv (ID: 101911199712140)

Processing 538/1072: @ᩍ (h)
  SUCCESS: @ᩍ (ID: 101411199607295)

Processing 539/1072: {@ (h)
  SUCCESS: {@ (ID: 102211200102246)

Processing 540/1072: @N (h)
  SUCCESS: @N (ID: 101811199512275)

Processing 541/1072: Oc@ (h)
  SUCCESS: Oc@ (ID: 102211200006046)

Processing 542/1072: R@ (h)
  SUCCESS: R@ (ID: 102311200203270)

Processing 543/1072: IXi (h)
  SUCCESS: qDIXi (ID: 100021199502078)

Processing 544/1072: cY@ (h)
  SUCCESS: cY@ (ID: 101711199909213)

Processing 545/1072: ؑ@听 (h)
  SUCCESS: ؑ@听 (ID: 102111200309121)

Processing 546/1072: J@ГW (h)
  SUCCESS: J@ГW (ID: 102111199908095)

Processing 547/1072: @ғ (h)
  SUCCESS: @ғ (ID: 102211200408060)

Processing 548/1072: wifX (h)
  SUCCESS: cDwifX (ID: 100021199612173)

Processing 549/1072: 㒃J@ (h)
  SUCCESS: 㒃J@ (ID: 101811199608311)

Processing 550/1072: {@T (h)
  SUCCESS: {@T (ID: 101411199604146)

Processing 551/1072: ؑ@ (h)
  SUCCESS: ؑ@ (ID: 102211200007021)

Processing 552/1072: @sT (h)
  SUCCESS: @sT (ID: 102411200303110)

Processing 553/1072: {핁@D (h)
  SUCCESS: {핁@D (ID: 102211200006146)

Processing 554/1072: @~ (h)
  SUCCESS: @~ (ID: 102411199910261)

Processing 555/1072: n糁@ (h)
  SUCCESS: n糁@ (ID: 101812200009249)

Processing 556/1072: @ (h)
  SUCCESS: @ (ID: 101312199106046)

Processing 557/1072: q@I (h)
  SUCCESS: q@I (ID: 102012200207136)

Processing 558/1072: J쌴@ (h)
  SUCCESS: J쌴@ (ID: 101512199704163)

Processing 559/1072: Βˁ@Y (h)
  SUCCESS: Βˁ@Y (ID: 101912200106070)

Processing 560/1072: C@i (h)
  SUCCESS: C@i (ID: 101912199707150)

Processing 561/1072: c@IY (h)
  SUCCESS: c@IY (ID: 102312200506035)

Processing 562/1072: 쐣@W (h)
  SUCCESS: 쐣@W (ID: 101512199709151)

Processing 563/1072: _EY (h)
  SUCCESS: iD_EY (ID: 100022199807272)

Processing 564/1072: R@䍂 (h)
  SUCCESS: R@䍂 (ID: 101312199111237)

Processing 565/1072: {@ (h)
  SUCCESS: {@ (ID: 100912199107150)

Processing 566/1072: q@听 (h)
  SUCCESS: q@听 (ID: 101012199210156)

Processing 567/1072: @C (h)
  SUCCESS: @C (ID: 101712199602102)

Processing 568/1072: I@˖ (h)
  SUCCESS: I@˖ (ID: 101412199607041)

Processing 569/1072: q@Y (h)
  SUCCESS: q@Y (ID: 102412200210022)

Processing 570/1072: A@ (h)
  SUCCESS: A@ (ID: 102312200104075)

Processing 571/1072: Cql@CcA (h)
  SUCCESS: Cql@CcA (ID: 102212200409020)

Processing 572/1072: @ (h)
  SUCCESS: @ (ID: 102012200301280)

Processing 573/1072: F@^mN (h)
  SUCCESS: F@^mN (ID: 102412200607050)

Processing 574/1072: `[h (h)
  SUCCESS: `[hi@`[hj (ID: 101712199906188)

Processing 575/1072: HL@Dl (h)
  SUCCESS: HL@Dl (ID: 102012200209170)

Processing 576/1072: Ό@D^ (h)
  SUCCESS: Ό@D^ (ID: 102412200606100)

Processing 577/1072: 쑺@E (h)
  SUCCESS: 쑺@E (ID: 102112199612014)

Processing 578/1072: ߓ@ (h)
  SUCCESS: ߓ@ (ID: 101112199308091)

Processing 579/1072: @W (h)
  SUCCESS: @W (ID: 100712198911054)

Processing 580/1072: c@I (h)
  SUCCESS: c@I (ID: 101012198810097)

Processing 581/1072: @ (h)
  SUCCESS: @ (ID: 101912199809032)

Processing 582/1072: ؁@q (h)
  SUCCESS: ؁@q (ID: 102112199911056)

Processing 583/1072: @B (h)
  SUCCESS: @B (ID: 101912199704207)

Processing 584/1072: @gN (h)
  SUCCESS: @gN (ID: 102012200205312)

Processing 585/1072: @v (h)
  SUCCESS: @v (ID: 102012199809220)

Processing 586/1072: 쑺@Fl (h)
  SUCCESS: 쑺@Fl (ID: 102112199908131)

Processing 587/1072: R{@b (h)
  SUCCESS: R{@b (ID: 102112199908067)

Processing 588/1072: {@D (h)
  SUCCESS: {@D (ID: 102311200109276)

Processing 589/1072: ͖@LN (h)
  SUCCESS: ͖@LN (ID: 102411200608201)

Processing 590/1072: @PN (h)
  SUCCESS: @PN (ID: 102311200110245)

Processing 591/1072: @^T (h)
  SUCCESS: @^T (ID: 102011200211240)

Processing 592/1072: A^ (h)
  SUCCESS: `DA^ (ID: 100021200406260)

Processing 593/1072: |@ (h)
  SUCCESS: |@ (ID: 102111199908220)

Processing 594/1072: ÉÎR@uY (h)
  SUCCESS: ÉÎR@uY (ID: 102411200607243)

Processing 595/1072: @Y (h)
  SUCCESS: @Y (ID: 102411200206160)

Processing 596/1072: 핁@WuY (h)
  SUCCESS: 핁@WuY (ID: 102111200402090)

Processing 597/1072: c@ᩈN (h)
  SUCCESS: c@ᩈN (ID: 102411200206040)

Processing 598/1072: V@Y (h)
  SUCCESS: V@Y (ID: 102311200003082)

Processing 599/1072: @ (h)
  SUCCESS: @ (ID: 102311200512265)

Processing 600/1072: nh (h)
  SUCCESS: nhic@嗘@nhj (ID: 102111200401175)

Processing 601/1072: c@~ (h)
  SUCCESS: c@~ (ID: 102311200005145)

Processing 602/1072: R@ (h)
  SUCCESS: R@ (ID: 102111200311067)

Processing 603/1072: FJ@ (h)
  SUCCESS: FJ@ (ID: 102411200610171)

Processing 604/1072: m@g (h)
  SUCCESS: m@g (ID: 102411200605182)

Processing 605/1072: @sEFC (h)
  SUCCESS: [Player 605] (ID: 100011200511143)

Processing 606/1072: ԁ@ (h)
  SUCCESS: ԁ@ (ID: 102111200310111)

Processing 607/1072: hQX (h)
  SUCCESS: kDhQX (ID: 100021200108188)

Processing 608/1072: c@t (h)
  SUCCESS: c@t (ID: 102011200211263)

Processing 609/1072: ԉH@@ (h)
  SUCCESS: ԉH@@ (ID: 102211200404090)

Processing 610/1072: @[ (h)
  SUCCESS: @[ (ID: 102311200508084)

Processing 611/1072: @Cl (h)
  SUCCESS: @Cl (ID: 102211200407280)

Processing 612/1072: A@ (h)
  SUCCESS: A@ (ID: 102211200407100)

Processing 613/1072: X؁@s (h)
  SUCCESS: X؁@s (ID: 102211200501022)

Processing 614/1072: @n (h)
  SUCCESS: @n (ID: 102211199908096)

Processing 615/1072: c@I (h)
  SUCCESS: c@I (ID: 102211200503133)

Processing 616/1072: TfB (h)
  SUCCESS: cDTfB (ID: 100021200511123)

Processing 617/1072: F@@ (h)
  SUCCESS: F@@ (ID: 102412199907230)

Processing 618/1072: @ (h)
  SUCCESS: @ (ID: 102112200304281)

Processing 619/1072: @ő (h)
  SUCCESS: @ő (ID: 102212200405276)

Processing 620/1072: UC (h)
  SUCCESS: UCi]z@UCj (ID: 102412200605292)

Processing 621/1072: @b (h)
  SUCCESS: @b (ID: 102112200308235)

Processing 622/1072: K@G (h)
  SUCCESS: K@G (ID: 102012200205291)

Processing 623/1072: L@ (h)
  SUCCESS: L@ (ID: 102412200702225)

Processing 624/1072: q@jN (h)
  SUCCESS: [Player 624] (ID: 102312200511032)

Processing 625/1072: A@H (h)
  SUCCESS: A@H (ID: 101912200104301)

Processing 626/1072: V@PM (h)
  SUCCESS: V@PM (ID: 102312200507034)

Processing 627/1072: R@ (h)
  SUCCESS: R@ (ID: 102212200407077)

Processing 628/1072: 쌴c@ (h)
  SUCCESS: 쌴c@ (ID: 102012200205211)

Processing 629/1072: @^ (h)
  SUCCESS: @^ (ID: 102212200006204)

Processing 630/1072: Ae (h)
  SUCCESS: cDAe (ID: 100022200712023)

Processing 631/1072: @ (h)
  SUCCESS: @ (ID: 102312199909160)

Processing 632/1072: {@PH (h)
  SUCCESS: {@PH (ID: 102412200207161)

Processing 633/1072: V (h)
  SUCCESS: lDV (ID: 100022200409186)

Processing 634/1072: ؉@El (h)
  SUCCESS: ؉@El (ID: 102412200608061)

Processing 635/1072: C (h)
  SUCCESS: Cib@Cj (ID: 102212200007110)

Processing 636/1072: d@Ml (h)
  SUCCESS: d@Ml (ID: 102212200004122)

Processing 637/1072: @q (h)
  SUCCESS: @q (ID: 102212200404072)

Processing 638/1072: IX[i (h)
  SUCCESS: iDIX[i (ID: 100022200703275)

Processing 639/1072: V@G (f)
  SUCCESS: V@G (ID: 102211200008027)

Processing 640/1072: cځ@ (f)
  SUCCESS: cځ@ (ID: 101811199502194)

Processing 641/1072: @MV (f)
  SUCCESS: @MV (ID: 101511199206031)

Processing 642/1072: kR@j (f)
  SUCCESS: kR@j (ID: 102111199904101)

Processing 643/1072: B@F (f)
  SUCCESS: B@F (ID: 102111200403273)

Processing 644/1072: ɓ@C (f)
  SUCCESS: [Player 644] (ID: 102011199708310)

Processing 645/1072: R핁@ (f)
  SUCCESS: R핁@ (ID: 101411199209097)

Processing 646/1072: ʈ@ (f)
  SUCCESS: ʈ@ (ID: 101611199206163)

Processing 647/1072: ㌴@ (f)
  SUCCESS: ㌴@ (ID: 101511199403290)

Processing 648/1072: Y@ (f)
  SUCCESS: Y@ (ID: 101311199202252)

Processing 649/1072: @^ (f)
  SUCCESS: @^ (ID: 102211200008291)

Processing 650/1072: {@ (f)
  SUCCESS: {@ (ID: 100711198506026)

Processing 651/1072: c@` (f)
  SUCCESS: c@` (ID: 101611199407193)

Processing 652/1072: ͖@ (f)
  SUCCESS: ͖@ (ID: 101911199805301)

Processing 653/1072: ז@ (f)
  SUCCESS: ז@ (ID: 102311200202265)

Processing 654/1072: ēc@q (f)
  SUCCESS: ēc@q (ID: 102411200604182)

Processing 655/1072: c@ (f)
  SUCCESS: c@ (ID: 102411200611175)

Processing 656/1072: x@P (f)
  SUCCESS: x@P (ID: 101611199805105)

Processing 657/1072: 󗘁@ (f)
  SUCCESS: 󗘁@ (ID: 102411200209060)

Processing 658/1072: ×с@ (f)
  SUCCESS: ×с@ (ID: 100011200006121)

Processing 659/1072: c@r (f)
  SUCCESS: c@r (ID: 101811199612145)

Processing 660/1072: J@_i (f)
  SUCCESS: J@_i (ID: 101211199101095)

Processing 661/1072: Uo (f)
  SUCCESS: `DUo (ID: 100021199612210)

Processing 662/1072: o[wCQ (f)
  SUCCESS: cDo[wCQ (ID: 100021199010223)

Processing 663/1072: Ȗ@ (f)
  SUCCESS: Ȗ@ (ID: 102111200305031)

Processing 664/1072: V@FM (f)
  SUCCESS: V@FM (ID: 101811199501052)

Processing 665/1072: ΐ@ (f)
  SUCCESS: ΐ@ (ID: 101411199607110)

Processing 666/1072: rc@p (f)
  SUCCESS: rc@p (ID: 101611199410010)

Processing 667/1072: Y@cl (f)
  SUCCESS: Y@cl (ID: 102111200307016)

Processing 668/1072: {@I (f)
  SUCCESS: {@I (ID: 102011200303314)

Processing 669/1072: @ (f)
  SUCCESS: @ (ID: 102411200607172)

Processing 670/1072: R@qY (f)
  SUCCESS: R@qY (ID: 102411200209037)

Processing 671/1072: R{@ (f)
  SUCCESS: R{@ (ID: 101711200001317)

Processing 672/1072: @ (f)
  SUCCESS: @ (ID: 101911200008316)

Processing 673/1072: @@ (f)
  SUCCESS: @@ (ID: 102111200304255)

Processing 674/1072: @ (f)
  SUCCESS: @ (ID: 102111200308217)

Processing 675/1072: @ (f)
  SUCCESS: @ (ID: 100011200502102)

Processing 676/1072: {@tP (f)
  SUCCESS: {@tP (ID: 102211199605256)

Processing 677/1072: }eBlX (f)
  SUCCESS: `D}eBlX (ID: 100022199605280)

Processing 678/1072: @DS (f)
  SUCCESS: @DS (ID: 101412199605222)

Processing 679/1072: @Ј (f)
  SUCCESS: @Ј (ID: 101212199005125)

Processing 680/1072: Ð@T (f)
  SUCCESS: Ð@T (ID: 102012199806195)

Processing 681/1072: Si@T (f)
  SUCCESS: Si@T (ID: 101912199712271)

Processing 682/1072: i@E (f)
  SUCCESS: i@E (ID: 102312200203102)

Processing 683/1072: gc@ (f)
  SUCCESS: gc@ (ID: 102212200101187)

Processing 684/1072: c{@T (f)
  SUCCESS: c{@T (ID: 101812200006133)

Processing 685/1072: ~с@DM (f)
  SUCCESS: ~с@DM (ID: 101912199803140)

Processing 686/1072: 씨@ (f)
  SUCCESS: 씨@ (ID: 102112199701121)

Processing 687/1072: 쑺@C (f)
  SUCCESS: 쑺@C (ID: 101812200006264)

Processing 688/1072: @ (f)
  SUCCESS: @ (ID: 100812199101114)

Processing 689/1072: {@KY (f)
  SUCCESS: {@KY (ID: 101712199905251)

Processing 690/1072: Έ@ꐬ (f)
  SUCCESS: Έ@ꐬ (ID: 101612199405060)

Processing 691/1072: L@P (f)
  SUCCESS: L@P (ID: 102112200305210)

Processing 692/1072: @BH (f)
  SUCCESS: @BH (ID: 102112200007306)

Processing 693/1072: @ (f)
  SUCCESS: @ (ID: 102112200306242)

Processing 694/1072: с@WO (f)
  SUCCESS: с@WO (ID: 101712199308269)

Processing 695/1072: Rp@G (f)
  SUCCESS: Rp@G (ID: 102412200205017)

Processing 696/1072: א@ (f)
  SUCCESS: א@ (ID: 102012200204255)

Processing 697/1072: ޗǊԁ@ (f)
  SUCCESS: ޗǊԁ@ (ID: 102212200005084)

Processing 698/1072: @ȉ (f)
  SUCCESS: @ȉ (ID: 102312200508256)

Processing 699/1072: {@ (f)
  SUCCESS: {@ (ID: 101112199308116)

Processing 700/1072: Ǌԁ@ (f)
  SUCCESS: Ǌԁ@ (ID: 101412199606210)

Processing 701/1072: {@ (f)
  SUCCESS: {@ (ID: 102312200108306)

Processing 702/1072: ܏\@ (f)
  SUCCESS: ܏\@ (ID: 102012199811270)

Processing 703/1072: J@u (f)
  SUCCESS: J@u (ID: 101812200103096)

Processing 704/1072: @Dn (f)
  SUCCESS: @Dn (ID: 102012199701250)

Processing 705/1072: g@ (f)
  SUCCESS: g@ (ID: 101812200004076)

Processing 706/1072: @Ђ̂ (f)
  SUCCESS: @Ђ̂ (ID: 102312200504185)

Processing 707/1072: CGX (f)
  SUCCESS: eDCGX (ID: 100022199507075)

Processing 708/1072: @a (f)
  SUCCESS: @a (ID: 102311200601121)

Processing 709/1072: {@ɑ (f)
  SUCCESS: {@ɑ (ID: 102011200205176)

Processing 710/1072: {@ՑN (f)
  SUCCESS: {@ՑN (ID: 101811200005262)

Processing 711/1072: 쏟@l (f)
  SUCCESS: 쏟@l (ID: 102411200702111)

Processing 712/1072: FJ@ (f)
  SUCCESS: FJ@ (ID: 102411200611252)

Processing 713/1072: R@ (f)
  SUCCESS: R@ (ID: 102211199902084)

Processing 714/1072: R{@W (f)
  SUCCESS: R{@W (ID: 102211199904237)

Processing 715/1072: @ (f)
  SUCCESS: @ (ID: 102211200411130)

Processing 716/1072: kY@ (f)
  SUCCESS: kY@ (ID: 101711200001121)

Processing 717/1072: }CJ^ߗ (f)
  SUCCESS: }CJ^ߗ (ID: 100012200010106)

Processing 718/1072: c@׊ (f)
  SUCCESS: c@׊ (ID: 102312200511285)

Processing 719/1072: c@ (f)
  SUCCESS: c@ (ID: 102312200508255)

Processing 720/1072: c@吴 (f)
  SUCCESS: c@吴 (ID: 102212200408235)

Processing 721/1072: R@A^ (f)
  SUCCESS: R@A^ (ID: 102212199905287)

Processing 722/1072: V@ (m)
  SUCCESS: V@ (ID: 101011198804032)

Processing 723/1072: ΐ@ (m)
  SUCCESS: ΐ@ (ID: 101311198804110)

Processing 724/1072: @a (m)
  SUCCESS: @a (ID: 101811199607070)

Processing 725/1072: n@w (m)
  SUCCESS: n@w (ID: 101011198609196)

Processing 726/1072: s@ĝ (m)
  SUCCESS: s@ĝ (ID: 101611199809073)

Processing 727/1072: ؁@N (m)
  SUCCESS: ؁@N (ID: 101311199508015)

Processing 728/1072: @Ќ (m)
  SUCCESS: @Ќ (ID: 100711198907051)

Processing 729/1072: ΐ@A (m)
  SUCCESS: ΐ@A (ID: 101311199112270)

Processing 730/1072: ȁ@E (m)
  SUCCESS: ȁ@E (ID: 101811199604040)

Processing 731/1072: en@ (m)
  SUCCESS: en@ (ID: 102211200006131)

Processing 732/1072: @Em (m)
  SUCCESS: @Em (ID: 100811199103064)

Processing 733/1072: A@֖ (m)
  SUCCESS: A@֖ (ID: 102111199712035)

Processing 734/1072: J@P (m)
  SUCCESS: J@P (ID: 102311200007110)

Processing 735/1072: ؁@j (m)
  SUCCESS: ؁@j (ID: 102111199705267)

Processing 736/1072: @ (m)
  SUCCESS: @ (ID: 102211199808133)

Processing 737/1072: c@ (m)
  SUCCESS: c@ (ID: 102211200406063)

Processing 738/1072: {@mY (m)
  SUCCESS: {@mY (ID: 101811199409092)

Processing 739/1072: @ (m)
  SUCCESS: @ (ID: 101411199610230)

Processing 740/1072: @VT (m)
  SUCCESS: @VT (ID: 101711199305064)

Processing 741/1072: ꞊@͐^ (m)
  SUCCESS: ꞊@͐^ (ID: 102411200302100)

Processing 742/1072: TY (m)
  SUCCESS: aDTY (ID: 100021199504275)

Processing 743/1072: ≺@P (m)
  SUCCESS: ≺@P (ID: 101411199610020)

Processing 744/1072: ؁@ (m)
  SUCCESS: ؁@ (ID: 102011199809072)

Processing 745/1072: @ (m)
  SUCCESS: @ (ID: 101811199607084)

Processing 746/1072: vc@ (m)
  SUCCESS: vc@ (ID: 101111198910256)

Processing 747/1072: ؑ@Dl (m)
  SUCCESS: ؑ@Dl (ID: 102311200506011)

Processing 748/1072: {X (m)
  SUCCESS: `D{X (ID: 100021199206260)

Processing 749/1072: X@r (m)
  SUCCESS: X@r (ID: 102011200205294)

Processing 750/1072: ͑@l (m)
  SUCCESS: ͑@l (ID: 102011199706181)

Processing 751/1072: @ (m)
  SUCCESS: @ (ID: 102311200507265)

Processing 752/1072: R@l (m)
  SUCCESS: R@l (ID: 101911200108057)

Processing 753/1072: @ (m)
  SUCCESS: @ (ID: 102411200605082)

Processing 754/1072: Ar@NuY (m)
  SUCCESS: Ar@NuY (ID: 102411200209165)

Processing 755/1072: Vc@\C (m)
  SUCCESS: Vc@\C (ID: 101611199404272)

Processing 756/1072: g@Il (m)
  SUCCESS: g@Il (ID: 102211200503147)

Processing 757/1072: g@C (m)
  SUCCESS: g@C (ID: 100911199109241)

Processing 758/1072: Q[ (m)
  SUCCESS: sDQ[ (ID: 100021199101093)

Processing 759/1072: @Ր (m)
  SUCCESS: @Ր (ID: 102112200310206)

Processing 760/1072: c@O (m)
  SUCCESS: c@O (ID: 101212199405133)

Processing 761/1072: @su (m)
  SUCCESS: @su (ID: 101912199801272)

Processing 762/1072: Ac@ (m)
  SUCCESS: Ac@ (ID: 101912199712180)

Processing 763/1072: `@F (m)
  SUCCESS: `@F (ID: 101512199305121)

Processing 764/1072: n@ (m)
  SUCCESS: n@ (ID: 102312200508193)

Processing 765/1072: rc@ (m)
  SUCCESS: rc@ (ID: 102112199912110)

Processing 766/1072: F@ċP (m)
  SUCCESS: F@ċP (ID: 102212200011073)

Processing 767/1072: c@ (m)
  SUCCESS: c@ (ID: 101712199904157)

Processing 768/1072: @T (m)
  SUCCESS: @T (ID: 101712199308085)

Processing 769/1072: @ (m)
  SUCCESS: @ (ID: 101412199205284)

Processing 770/1072: c@R (m)
  SUCCESS: c@R (ID: 102312200108120)

Processing 771/1072: 剺@Y (m)
  SUCCESS: 剺@Y (ID: 101912199711030)

Processing 772/1072: Ί_@C (m)
  SUCCESS: Ί_@C (ID: 101612199809210)

Processing 773/1072: {@ (m)
  SUCCESS: {@ (ID: 102412200012096)

Processing 774/1072: @RF (m)
  SUCCESS: @RF (ID: 102412199902053)

Processing 775/1072: @ (m)
  SUCCESS: @ (ID: 102012199804050)

Processing 776/1072: J@ (m)
  SUCCESS: J@ (ID: 101512199801163)

Processing 777/1072: c@D (m)
  SUCCESS: c@D (ID: 102212200502121)

Processing 778/1072: \g (m)
  SUCCESS: mD\g (ID: 100022198902284)

Processing 779/1072: @Mi (m)
  SUCCESS: @Mi (ID: 100912198510210)

Processing 780/1072: @ (m)
  SUCCESS: @ (ID: 101812200005065)

Processing 781/1072: p@ (m)
  SUCCESS: p@ (ID: 100612198705251)

Processing 782/1072: @j (m)
  SUCCESS: @j (ID: 102412200303254)

Processing 783/1072: |R (m)
  SUCCESS: fD|R (ID: 100022199109141)

Processing 784/1072: ΐ@T (m)
  SUCCESS: ΐ@T (ID: 101112199304270)

Processing 785/1072: @C (m)
  SUCCESS: @C (ID: 101312199107150)

Processing 786/1072: @ll (m)
  SUCCESS: @ll (ID: 101912199712113)

Processing 787/1072: l (m)
  SUCCESS: lic@lj (ID: 101512199704060)

Processing 788/1072: R@qP (m)
  SUCCESS: R@qP (ID: 101812200008187)

Processing 789/1072: R{@l (m)
  SUCCESS: R{@l (ID: 102012200208097)

Processing 790/1072: ac@NmN (m)
  SUCCESS: ac@NmN (ID: 101712199901149)

Processing 791/1072: AZxh (m)
  SUCCESS: rDAZxh (ID: 100022200208022)

Processing 792/1072: c@ (m)
  SUCCESS: c@ (ID: 102111200308233)

Processing 793/1072: {O@ (m)
  SUCCESS: {O@ (ID: 101911199710026)

Processing 794/1072: X@ɑN (m)
  SUCCESS: X@ɑN (ID: 101711199904226)

Processing 795/1072: HR@_ (m)
  SUCCESS: HR@_ (ID: 102111200304290)

Processing 796/1072: @ (m)
  SUCCESS: @ (ID: 102011199805184)

Processing 797/1072: ic@Pl (m)
  SUCCESS: ic@Pl (ID: 102111200311304)

Processing 798/1072: ؁@C (m)
  SUCCESS: ؁@C (ID: 102411200605090)

Processing 799/1072: @KC (m)
  SUCCESS: @KC (ID: 102411200207054)

Processing 800/1072: @ (m)
  SUCCESS: @ (ID: 102311200510253)

Processing 801/1072: pVIX (m)
  SUCCESS: dDpVIX (ID: 100021200403190)

Processing 802/1072: xR@hVi (m)
  SUCCESS: xR@hVi (ID: 102312200509183)

Processing 803/1072: @ (m)
  SUCCESS: @ (ID: 102212200410071)

Processing 804/1072: J@ (m)
  SUCCESS: J@ (ID: 102412200609153)

Processing 805/1072: ΁@M (m)
  SUCCESS: ΁@M (ID: 102312200512186)

Processing 806/1072: @C (m)
  SUCCESS: @C (ID: 102312200406171)

Processing 807/1072: c@a (m)
  SUCCESS: c@a (ID: 102312200511045)

Processing 808/1072: }[eB (m)
  SUCCESS: `D}[eB (ID: 100022200010140)

Processing 809/1072: c@ (l)
  SUCCESS: c@ (ID: 102311200111150)

Processing 810/1072: n糁@EN (l)
  SUCCESS: n糁@EN (ID: 101811200009219)

Processing 811/1072: @ (l)
  SUCCESS: @ (ID: 101411199702033)

Processing 812/1072: o@Cl (l)
  SUCCESS: o@Cl (ID: 101711199509157)

Processing 813/1072: c@mY (l)
  SUCCESS: c@mY (ID: 102111199908202)

Processing 814/1072: {@q (l)
  SUCCESS: {@q (ID: 101811199611286)

Processing 815/1072: @ (l)
  SUCCESS: @ (ID: 102111200001032)

Processing 816/1072: c@ɒmY (l)
  SUCCESS: c@ɒmY (ID: 101611199409193)

Processing 817/1072: @ĝ (l)
  SUCCESS: @ĝ (ID: 102311200107213)

Processing 818/1072: @ (l)
  SUCCESS: @ (ID: 102311199804300)

Processing 819/1072: @T (l)
  SUCCESS: @T (ID: 101611199112205)

Processing 820/1072: R@Đl (l)
  SUCCESS: R@Đl (ID: 102211200007190)

Processing 821/1072: b@ (l)
  SUCCESS: b@ (ID: 101811199611161)

Processing 822/1072: Rc@z (l)
  SUCCESS: Rc@z (ID: 102211200405097)

Processing 823/1072: c@ (l)
  SUCCESS: c@ (ID: 102311200602274)

Processing 824/1072: {[E^JnV (l)
  SUCCESS: {[E^JnV (ID: 100021199701235)

Processing 825/1072: Hc@TV (l)
  SUCCESS: Hc@TV (ID: 102111200312255)

Processing 826/1072: EBQ^[ (l)
  SUCCESS: sDEBQ^[ (ID: 100021199404153)

Processing 827/1072: 됶@^ (l)
  SUCCESS: 됶@^ (ID: 102411200612251)

Processing 828/1072: R@ꡊ (l)
  SUCCESS: R@ꡊ (ID: 102311200509232)

Processing 829/1072: @B (l)
  SUCCESS: @B (ID: 101611199805090)

Processing 830/1072: X؁@ (l)
  SUCCESS: X؁@ (ID: 102011199605132)

Processing 831/1072: @ (l)
  SUCCESS: @ (ID: 102411200609202)

Processing 832/1072: ؁@D (l)
  SUCCESS: ؁@D (ID: 101611199408161)

Processing 833/1072: dD~X (l)
  SUCCESS: dD~X (ID: 100021199407150)

Processing 834/1072: c@ (l)
  SUCCESS: c@ (ID: 102111200401241)

Processing 835/1072: @S (l)
  SUCCESS: @S (ID: 101311199508314)

Processing 836/1072: ǁ@Cn (l)
  SUCCESS: ǁ@Cn (ID: 101711199911153)

Processing 837/1072: @RL (l)
  SUCCESS: @RL (ID: 102011199807136)

Processing 838/1072: c@׎u (l)
  SUCCESS: c@׎u (ID: 102011200301156)

Processing 839/1072: @M (l)
  SUCCESS: @M (ID: 102111200306282)

Processing 840/1072: l@ (l)
  SUCCESS: l@ (ID: 101911199901265)

Processing 841/1072: É@Il (l)
  SUCCESS: É@Il (ID: 102112199909101)

Processing 842/1072: YJ@m (l)
  SUCCESS: YJ@m (ID: 100512198707192)

Processing 843/1072: ѐA@ (l)
  SUCCESS: ѐA@ (ID: 101912199706033)

Processing 844/1072: q@Ė (l)
  SUCCESS: q@Ė (ID: 101812200103046)

Processing 845/1072: R@g (l)
  SUCCESS: R@g (ID: 102412200605133)

Processing 846/1072: Îs@ (l)
  SUCCESS: Îs@ (ID: 102112200206155)

Processing 847/1072: c@c (l)
  SUCCESS: c@c (ID: 102112199907254)

Processing 848/1072: ʁ@ (l)
  SUCCESS: ʁ@ (ID: 102212199807101)

Processing 849/1072: V@ (l)
  SUCCESS: V@ (ID: 102412200701272)

Processing 850/1072: RӁ@ (l)
  SUCCESS: RӁ@ (ID: 101812199405247)

Processing 851/1072: O@C (l)
  SUCCESS: O@C (ID: 101412199212203)

Processing 852/1072: c@s (l)
  SUCCESS: c@s (ID: 101612199302161)

Processing 853/1072: @ (l)
  SUCCESS: @ (ID: 101812199701152)

Processing 854/1072: f[rX (l)
  SUCCESS: iDcDf[rX (ID: 100022199304272)

Processing 855/1072: R@D (l)
  SUCCESS: R@D (ID: 102012199812046)

Processing 856/1072: R@ (l)
  SUCCESS: R@ (ID: 102012200209287)

Processing 857/1072: @z (l)
  SUCCESS: @z (ID: 102412200205192)

Processing 858/1072: @ (l)
  SUCCESS: @ (ID: 101512199712245)

Processing 859/1072: Zf[j (l)
  SUCCESS: kDZf[j (ID: 100022199808228)

Processing 860/1072: @n (l)
  SUCCESS: @n (ID: 101712199907023)

Processing 861/1072: É@P (l)
  SUCCESS: É@P (ID: 102412200008251)

Processing 862/1072: @ (l)
  SUCCESS: @ (ID: 100112198308154)

Processing 863/1072: V@ĉ (l)
  SUCCESS: V@ĉ (ID: 102112200308133)

Processing 864/1072: n@l (l)
  SUCCESS: n@l (ID: 102012199812269)

Processing 865/1072: 쑺@ (l)
  SUCCESS: 쑺@ (ID: 101812200009104)

Processing 866/1072: c@剹 (l)
  SUCCESS: c@剹 (ID: 102312200108046)

Processing 867/1072: IR@I (l)
  SUCCESS: IR@I (ID: 100112198309031)

Processing 868/1072: n@ (l)
  SUCCESS: n@ (ID: 102412200208319)

Processing 869/1072: gԁ@ (l)
  SUCCESS: gԁ@ (ID: 102212200009085)

Processing 870/1072: lr (l)
  SUCCESS: sDlr (ID: 100022199705293)

Processing 871/1072: @đ (l)
  SUCCESS: @đ (ID: 101512199708165)

Processing 872/1072: Ð@Y (l)
  SUCCESS: Ð@Y (ID: 102212200405255)

Processing 873/1072: @ (l)
  SUCCESS: @ (ID: 101612199501266)

Processing 874/1072: с@b (l)
  SUCCESS: с@b (ID: 102412200212308)

Processing 875/1072: @ (l)
  SUCCESS: @ (ID: 101712199906104)

Processing 876/1072: Ó@D (l)
  SUCCESS: Ó@D (ID: 102012200210224)

Processing 877/1072: J@M (l)
  SUCCESS: J@M (ID: 102012200205175)

Processing 878/1072: ݁@Y (l)
  SUCCESS: ݁@Y (ID: 101912199612081)

Processing 879/1072: e (l)
  SUCCESS: eiG@ej (ID: 102212200003186)

Processing 880/1072: @ (l)
  SUCCESS: @ (ID: 102312199912240)

Processing 881/1072: ȁ@B (l)
  SUCCESS: ȁ@B (ID: 102011199805210)

Processing 882/1072: ԁ@i (l)
  SUCCESS: ԁ@i (ID: 101911200101310)

Processing 883/1072: yX (l)
  SUCCESS: uDyX (ID: 100021199909025)

Processing 884/1072: {V@ (l)
  SUCCESS: {V@ (ID: 102311199904156)

Processing 885/1072: @LP (l)
  SUCCESS: @LP (ID: 101911200107170)

Processing 886/1072: OY@P (l)
  SUCCESS: OY@P (ID: 102211200004076)

Processing 887/1072: ym@a (l)
  SUCCESS: ym@a (ID: 102411200608265)

Processing 888/1072: VNA (l)
  SUCCESS: VNAiVNA@WZt@Fmj (ID: 102311200106122)

Processing 889/1072: Xe@ (l)
  SUCCESS: Xe@ (ID: 101811199207136)

Processing 890/1072: 쉺@M (l)
  SUCCESS: 쉺@M (ID: 102311200504031)

Processing 891/1072: ؐ@đ (l)
  SUCCESS: ؐ@đ (ID: 102311200504051)

Processing 892/1072: @u (l)
  SUCCESS: @u (ID: 102411200302092)

Processing 893/1072: c@Cl (l)
  SUCCESS: c@Cl (ID: 102212200503184)

Processing 894/1072: V@ (l)
  SUCCESS: V@ (ID: 102212200004191)

Processing 895/1072: 쑺@aP (l)
  SUCCESS: 쑺@aP (ID: 102212200306074)

Processing 896/1072: J@z (l)
  SUCCESS: J@z (ID: 102312200404033)

Processing 897/1072: q@ (l)
  SUCCESS: q@ (ID: 102312200309021)

Processing 898/1072: @ (l)
  SUCCESS: @ (ID: 101912200106281)

Processing 899/1072: @y^ (l)
  SUCCESS: @y^ (ID: 102412200604065)

Processing 900/1072: KVA (l)
  SUCCESS: `DKVA (ID: 100022200009050)

Processing 901/1072: } (l)
  SUCCESS: }i^iP@}@M[rj (ID: 102412200604088)

Processing 902/1072: Vc@yl (l)
  SUCCESS: Vc@yl (ID: 102412200607302)

Processing 903/1072: IP (l)
  SUCCESS: IPiErI@IPj (ID: 102412200604100)

Processing 904/1072: GXsm[U (b)
  SUCCESS: `DGXsm[U (ID: 100021199803090)

Processing 905/1072: R@w (b)
  SUCCESS: R@w (ID: 102011200207167)

Processing 906/1072: @W (b)
  SUCCESS: @W (ID: 101711199912140)

Processing 907/1072: @R (b)
  SUCCESS: @R (ID: 102411200210183)

Processing 908/1072: Fc@D (b)
  SUCCESS: Fc@D (ID: 102011199811100)

Processing 909/1072: ؁@@ (b)
  SUCCESS: ؁@@ (ID: 102111200001226)

Processing 910/1072: @ (b)
  SUCCESS: @ (ID: 100511198403085)

Processing 911/1072: ]J@ (b)
  SUCCESS: ]J@ (ID: 102211200011302)

Processing 912/1072: {@ (b)
  SUCCESS: {@ (ID: 101911200108256)

Processing 913/1072: R@ו (b)
  SUCCESS: R@ו (ID: 101611199509227)

Processing 914/1072: @đ (b)
  SUCCESS: @đ (ID: 102011199211030)

Processing 915/1072: R핁@DY (b)
  SUCCESS: R핁@DY (ID: 101611199806157)

Processing 916/1072: 㗢@@ (b)
  SUCCESS: 㗢@@ (ID: 101311199109011)

Processing 917/1072: gc@P (b)
  SUCCESS: gc@P (ID: 101811200101127)

Processing 918/1072: V@ (b)
  SUCCESS: V@ (ID: 102211200411182)

Processing 919/1072: xR@ (b)
  SUCCESS: xR@ (ID: 101811199705033)

Processing 920/1072: c@ (b)
  SUCCESS: c@ (ID: 101711199608033)

Processing 921/1072: Óc@ (b)
  SUCCESS: Óc@ (ID: 102311199906291)

Processing 922/1072: ⛽@ (b)
  SUCCESS: ⛽@ (ID: 100711198910210)

Processing 923/1072: }`h (b)
  SUCCESS: `D}`h (ID: 100021199304220)

Processing 924/1072: R@m (b)
  SUCCESS: R@m (ID: 102411200005055)

Processing 925/1072: {c@mC (b)
  SUCCESS: {c@mC (ID: 101711199907275)

Processing 926/1072: R@ (b)
  SUCCESS: R@ (ID: 102411200605147)

Processing 927/1072: @ (b)
  SUCCESS: @ (ID: 102311200504293)

Processing 928/1072: ЎR@y (b)
  SUCCESS: ЎR@y (ID: 102411200210071)

Processing 929/1072: R@ (b)
  SUCCESS: R@ (ID: 102111199712287)

Processing 930/1072: ؓc@֖ (b)
  SUCCESS: ؓc@֖ (ID: 102111199810101)

Processing 931/1072: Rc@C` (b)
  SUCCESS: Rc@C` (ID: 100911199109197)

Processing 932/1072: @a (b)
  SUCCESS: @a (ID: 101511199401070)

Processing 933/1072: yh (b)
  SUCCESS: kDyh (ID: 100021199305098)

Processing 934/1072: {c@\C (b)
  SUCCESS: {c@\C (ID: 101511199304245)

Processing 935/1072: u (b)
  SUCCESS: ui؁@uj (ID: 101711199703225)

Processing 936/1072: R@Cl (b)
  SUCCESS: R@Cl (ID: 102211200005260)

Processing 937/1072: @ꖁ (b)
  SUCCESS: @ꖁ (ID: 101911200104162)

Processing 938/1072: 쐣@l (b)
  SUCCESS: 쐣@l (ID: 102011200206181)

Processing 939/1072: ˖؁@C (b)
  SUCCESS: ˖؁@C (ID: 102211200006102)

Processing 940/1072: @דs (b)
  SUCCESS: @דs (ID: 102311199912033)

Processing 941/1072: c@ (b)
  SUCCESS: c@ (ID: 102311200001281)

Processing 942/1072: ጎ@ (b)
  SUCCESS: ጎ@ (ID: 101312199510049)

Processing 943/1072: X@F (b)
  SUCCESS: X@F (ID: 101312199508086)

Processing 944/1072: i@ (b)
  SUCCESS: i@ (ID: 102112199907285)

Processing 945/1072: ΐ@ (b)
  SUCCESS: ΐ@ (ID: 101312199507200)

Processing 946/1072: ڋ{@T^ (b)
  SUCCESS: ڋ{@T^ (ID: 101812199611173)

Processing 947/1072: R@Ő^ (b)
  SUCCESS: R@Ő^ (ID: 102412200012147)

Processing 948/1072: x@A (b)
  SUCCESS: x@A (ID: 102312200507165)

Processing 949/1072: @^O (b)
  SUCCESS: @^O (ID: 101412199008024)

Processing 950/1072: @@C (b)
  SUCCESS: @@C (ID: 101412199606076)

Processing 951/1072: @q (b)
  SUCCESS: @q (ID: 102112199909204)

Processing 952/1072: @ (b)
  SUCCESS: @ (ID: 101512199306140)

Processing 953/1072: gс@OY (b)
  SUCCESS: gс@OY (ID: 101912200202071)

Processing 954/1072: @Q (b)
  SUCCESS: @Q (ID: 102212200410054)

Processing 955/1072: A@u (b)
  SUCCESS: A@u (ID: 101512199704095)

Processing 956/1072: c@ (b)
  SUCCESS: c@ (ID: 101812200102140)

Processing 957/1072: R@ (b)
  SUCCESS: R@ (ID: 102312200510287)

Processing 958/1072: fBAX (b)
  SUCCESS: iDfBAX (ID: 100022200008132)

Processing 959/1072: 嗢@V (b)
  SUCCESS: 嗢@V (ID: 102112199907070)

Processing 960/1072: @\ (b)
  SUCCESS: @\ (ID: 101812199604124)

Processing 961/1072: n@ɐl (b)
  SUCCESS: n@ɐl (ID: 102112199909029)

Processing 962/1072: @n (b)
  SUCCESS: @n (ID: 101512199412104)

Processing 963/1072: J@S (b)
  SUCCESS: J@S (ID: 102412200207276)

Processing 964/1072: @ (b)
  SUCCESS: @ (ID: 102012200205171)

Processing 965/1072: V@ (b)
  SUCCESS: V@ (ID: 102212200006022)

Processing 966/1072: IoX (b)
  SUCCESS: dDIoX (ID: 100022199603060)

Processing 967/1072: c@l (b)
  SUCCESS: c@l (ID: 102012200210161)

Processing 968/1072: rc@ː^ (b)
  SUCCESS: rc@ː^ (ID: 102112200308240)

Processing 969/1072: @ᩑ (b)
  SUCCESS: @ᩑ (ID: 101412199609022)

Processing 970/1072: @Đ (b)
  SUCCESS: @Đ (ID: 102212199908043)

Processing 971/1072: c@ (b)
  SUCCESS: c@ (ID: 101712199208085)

Processing 972/1072: {@TY (b)
  SUCCESS: {@TY (ID: 101512199104052)

Processing 973/1072: @rt (b)
  SUCCESS: @rt (ID: 100011200603233)

Processing 974/1072: @Os (b)
  SUCCESS: @Os (ID: 102311200506162)

Processing 975/1072: ]@C (b)
  SUCCESS: ]@C (ID: 102311200001130)

Processing 976/1072: {@ (b)
  SUCCESS: {@ (ID: 102311200508076)

Processing 977/1072: c@ (b)
  SUCCESS: c@ (ID: 102311200002090)

Processing 978/1072: ㌴@͉ (b)
  SUCCESS: ㌴@͉ (ID: 102411200703130)

Processing 979/1072: @l (b)
  SUCCESS: @l (ID: 102411200606280)

Processing 980/1072: @Ǒ (b)
  SUCCESS: @Ǒ (ID: 101911199706066)

Processing 981/1072: O@C͓l (b)
  SUCCESS: O@C͓l (ID: 101911200108136)

Processing 982/1072: @׌ (b)
  SUCCESS: @׌ (ID: 101611199405300)

Processing 983/1072: ͓@N (b)
  SUCCESS: ͓@N (ID: 102311200504161)

Processing 984/1072: @N (b)
  SUCCESS: @N (ID: 102212200012016)

Processing 985/1072: c@S (b)
  SUCCESS: c@S (ID: 102412200004093)

Processing 986/1072: ͖@ (b)
  SUCCESS: ͖@ (ID: 102312200005221)

Processing 987/1072: @K (b)
  SUCCESS: @K (ID: 102412200610190)

Processing 988/1072: @ (b)
  SUCCESS: @ (ID: 102412200304142)

Processing 989/1072: @ (b)
  SUCCESS: @ (ID: 101912200109190)

Processing 990/1072: f[ (b)
  SUCCESS: iDf[ (ID: 100022200009112)

Processing 991/1072: @ (b)
  SUCCESS: @ (ID: 101412199604161)

Processing 992/1072: Xہ@ (b)
  SUCCESS: Xہ@ (ID: 101812200011261)

Processing 993/1072: {@ (b)
  SUCCESS: {@ (ID: 102412200302053)

Processing 994/1072: ݁@FV (e)
  SUCCESS: ݁@FV (ID: 100611198412041)

Processing 995/1072: {@V (e)
  SUCCESS: {@V (ID: 101211199012174)

Processing 996/1072: n[h (e)
  SUCCESS: rDn[h (ID: 100021199607282)

Processing 997/1072: ÎӁ@ (e)
  SUCCESS: ÎӁ@ (ID: 102311200108181)

Processing 998/1072: i@N (e)
  SUCCESS: i@N (ID: 102211200010132)

Processing 999/1072: ^[[ (e)
  SUCCESS: mD^[[ (ID: 100021198909114)

Processing 1000/1072: @v (e)
  SUCCESS: @v (ID: 102011199807065)

Processing 1001/1072: @ (e)
  SUCCESS: @ (ID: 102211199709151)

Processing 1002/1072: @z (e)
  SUCCESS: @z (ID: 102411200201234)

Processing 1003/1072: @mj (e)
  SUCCESS: @mj (ID: 101611199301022)

Processing 1004/1072: 힎R@ (e)
  SUCCESS: 힎R@ (ID: 102411200204113)

Processing 1005/1072: nӁ@đ (e)
  SUCCESS: nӁ@đ (ID: 102211200010299)

Processing 1006/1072: |@l (e)
  SUCCESS: |@l (ID: 101811199404067)

Processing 1007/1072: ]@T (e)
  SUCCESS: ]@T (ID: 102411200008030)

Processing 1008/1072: @@ (e)
  SUCCESS: @@ (ID: 101311199111251)

Processing 1009/1072: v@ƍ (e)
  SUCCESS: v@ƍ (ID: 100011199209062)

Processing 1010/1072: @F (e)
  SUCCESS: @F (ID: 102111199910116)

Processing 1011/1072: @^ (e)
  SUCCESS: @^ (ID: 101611199809215)

Processing 1012/1072: @ (e)
  SUCCESS: @ (ID: 102011199610035)

Processing 1013/1072: _@ (e)
  SUCCESS: _@ (ID: 102111199906214)

Processing 1014/1072: ×핁@听 (e)
  SUCCESS: ×핁@听 (ID: 101911199710103)

Processing 1015/1072: @z (e)
  SUCCESS: @z (ID: 102311200504052)

Processing 1016/1072: c@ (e)
  SUCCESS: c@ (ID: 102311200507065)

Processing 1017/1072: ؁@ēV (e)
  SUCCESS: ؁@ēV (ID: 101811199608192)

Processing 1018/1072: 뒆@đ (e)
  SUCCESS: 뒆@đ (ID: 101911199412203)

Processing 1019/1072: h@q (e)
  SUCCESS: h@q (ID: 100811199010181)

Processing 1020/1072: ׁ@ (e)
  SUCCESS: ׁ@ (ID: 102111200311113)

Processing 1021/1072: c@햁 (e)
  SUCCESS: c@햁 (ID: 102311200202266)

Processing 1022/1072: @l (e)
  SUCCESS: @l (ID: 101611199611144)

Processing 1023/1072: с@D (e)
  SUCCESS: с@D (ID: 102211200110295)

Processing 1024/1072: @ (e)
  SUCCESS: @ (ID: 101311199505111)

Processing 1025/1072: @ (e)
  SUCCESS: @ (ID: 102311200603090)

Processing 1026/1072: @ (e)
  SUCCESS: @ (ID: 102011200204240)

Processing 1027/1072: ēc@n (e)
  SUCCESS: ēc@n (ID: 102111199711072)

Processing 1028/1072: {X@qu (e)
  SUCCESS: {X@qu (ID: 102111199805286)

Processing 1029/1072: t[ (e)
  SUCCESS: lDt[ (ID: 100021199805016)

Processing 1030/1072: c@ (e)
  SUCCESS: c@ (ID: 101812199610140)

Processing 1031/1072: c@M (e)
  SUCCESS: c@M (ID: 101412199208273)

Processing 1032/1072: c@In (e)
  SUCCESS: c@In (ID: 102112200003037)

Processing 1033/1072: x@ (e)
  SUCCESS: x@ (ID: 101512199704155)

Processing 1034/1072: Ό@V (e)
  SUCCESS: Ό@V (ID: 101612199903080)

Processing 1035/1072: [c@ (e)
  SUCCESS: [c@ (ID: 101912199509281)

Processing 1036/1072: @R@ (e)
  SUCCESS: @R@ (ID: 102412200302276)

Processing 1037/1072: 󑺁@hl (e)
  SUCCESS: 󑺁@hl (ID: 100812199011120)

Processing 1038/1072: @ (e)
  SUCCESS: @ (ID: 101512198912030)

Processing 1039/1072: с@P (e)
  SUCCESS: с@P (ID: 101512199710066)

Processing 1040/1072: ؁@n (e)
  SUCCESS: ؁@n (ID: 101112198908182)

Processing 1041/1072: {Cg (e)
  SUCCESS: kD{Cg (ID: 100022199102138)

Processing 1042/1072: tR (e)
  SUCCESS: lDtR (ID: 100022199208266)

Processing 1043/1072: @jz (e)
  SUCCESS: @jz (ID: 101912200104171)

Processing 1044/1072: R핁@ (e)
  SUCCESS: R핁@ (ID: 101712199512297)

Processing 1045/1072: ɓ@TG (e)
  SUCCESS: ɓ@TG (ID: 101812199608300)

Processing 1046/1072: Rc@y (e)
  SUCCESS: Rc@y (ID: 101412199609307)

Processing 1047/1072: n粁@ (e)
  SUCCESS: n粁@ (ID: 101812199701089)

Processing 1048/1072: H[^[Y@CW~ (e)
  SUCCESS: H[^[Y@CW~ (ID: 102312200510149)

Processing 1049/1072: ]@ (e)
  SUCCESS: ]@ (ID: 102012200206060)

Processing 1050/1072: @C (e)
  SUCCESS: @C (ID: 102312200507260)

Processing 1051/1072: X@qY (e)
  SUCCESS: X@qY (ID: 102112200304301)

Processing 1052/1072: z@ (e)
  SUCCESS: z@ (ID: 102412200501237)

Processing 1053/1072: C@V (e)
  SUCCESS: C@V (ID: 102212200011243)

Processing 1054/1072: Cȁ@ (e)
  SUCCESS: Cȁ@ (ID: 101812199612273)

Processing 1055/1072: SUX (e)
  SUCCESS: nDSUX (ID: 100022199801100)

Processing 1056/1072: c@a (e)
  SUCCESS: c@a (ID: 101612199408083)

Processing 1057/1072: @Y (e)
  SUCCESS: @Y (ID: 101112198909070)

Processing 1058/1072: @ (e)
  SUCCESS: @ (ID: 102312200106044)

Processing 1059/1072: @G (e)
  SUCCESS: @G (ID: 101112199002022)

Processing 1060/1072: g[@ (e)
  SUCCESS: g[@ (ID: 102412200208167)

Processing 1061/1072: @֋M (e)
  SUCCESS: @֋M (ID: 101912200106156)

Processing 1062/1072: @T (e)
  SUCCESS: @T (ID: 101812199608030)

Processing 1063/1072: g@nm (e)
  SUCCESS: g@nm (ID: 102112200310277)

Processing 1064/1072: Oc@⎡ (e)
  SUCCESS: Oc@⎡ (ID: 102112200311196)

Processing 1065/1072: @F (e)
  SUCCESS: @F (ID: 100011200102149)

Processing 1066/1072: É@N (e)
  SUCCESS: É@N (ID: 102211200409031)

Processing 1067/1072: J@ (e)
  SUCCESS: J@ (ID: 100011200601042)

Processing 1068/1072: @j (e)
  SUCCESS: @j (ID: 101912200107056)

Processing 1069/1072: ]@Гl (e)
  SUCCESS: ]@Гl (ID: 101912200106290)

Processing 1070/1072: ǁ@ (e)
  SUCCESS: ǁ@ (ID: 102212199807093)

Processing 1071/1072: ic@DY (e)
  SUCCESS: ic@DY (ID: 102212200010114)

Processing 1072/1072: ݖ{@C (e)
  SUCCESS: ݖ{@C (ID: 102412200701301)

==================================================
COLLECTION RESULTS:
==================================================
Total rosters collected: 1072 players
Detailed data collected: 1072 players
Failed to parse: 0 players

Team breakdown:
  ǔWCAc: 108 players
  _^CK[X: 82 players
  LmJ[v: 79 players
  lDeNAxCX^[Y: 86 players
  hSY: 83 players
  NgX[Y: 79 players
  \tgoNz[NX: 121 players
  kC{nt@C^[Y: 83 players
  tbe}[Y: 87 players
  ʐCIY: 95 players
  IbNXEot@[Y: 90 players
  kyVS[fC[OX: 79 players

Files saved:
  Summary: data/npb_current_players\collection_summary.json
  Roster list: data/npb_current_players\current_roster_list.json
  Player details: data/npb_current_players\players
